Using pre-set license
Built from '2020.3/staging' branch; Version is '2020.3.26f1 (7298b473bc1a) revision 7510196'; Using compiler version '192528614'; Build Type 'Release'
OS: 'Windows 10  (10.0.19042) 64bit Professional' Language: 'en' Physical Memory: 16122 MB
BatchMode: 1, IsHumanControllingUs: 0, StartBugReporterOnCrash: 0, Is64bit: 1, IsPro: 0

COMMAND LINE ARGUMENTS:
C:\Program Files\Unity\Hub\Editor\2020.3.26f1\Editor\Unity.exe
-adb2
-batchMode
-noUpm
-name
AssetImportWorker0
-projectPath
C:/Users/Keertana.Govte/Desktop/Unity/TimelineAssignment
-logFile
Logs/AssetImportWorker0.log
-srvPort
51103
Successfully changed project path to: C:/Users/Keertana.Govte/Desktop/Unity/TimelineAssignment
C:/Users/Keertana.Govte/Desktop/Unity/TimelineAssignment
Using Asset Import Pipeline V2.
Refreshing native plugins compatible for Editor in 104.81 ms, found 2 plugins.
Preloading 0 native plugins for Editor in 0.00 ms.
Initialize engine version: 2020.3.26f1 (7298b473bc1a)
[Subsystems] Discovering subsystems at path C:/Program Files/Unity/Hub/Editor/2020.3.26f1/Editor/Data/Resources/UnitySubsystems
[Subsystems] Discovering subsystems at path C:/Users/Keertana.Govte/Desktop/Unity/TimelineAssignment/Assets
GfxDevice: creating device client; threaded=0
Direct3D:
    Version:  Direct3D 11.0 [level 11.1]
    Renderer: Intel(R) Iris(R) Xe Graphics (ID=0x9a49)
    Vendor:   
    VRAM:     8061 MB
    Driver:   27.20.100.9749
Initialize mono
Mono path[0] = 'C:/Program Files/Unity/Hub/Editor/2020.3.26f1/Editor/Data/Managed'
Mono path[1] = 'C:/Program Files/Unity/Hub/Editor/2020.3.26f1/Editor/Data/MonoBleedingEdge/lib/mono/unityjit'
Mono config path = 'C:/Program Files/Unity/Hub/Editor/2020.3.26f1/Editor/Data/MonoBleedingEdge/etc'
Using monoOptions --debugger-agent=transport=dt_socket,embedding=1,server=y,suspend=n,address=127.0.0.1:56640
Begin MonoManager ReloadAssembly
Registering precompiled unity dll's ...
Register platform support module: C:/Program Files/Unity/Hub/Editor/2020.3.26f1/Editor/Data/PlaybackEngines/WebGLSupport/UnityEditor.WebGL.Extensions.dll
Register platform support module: C:/Program Files/Unity/Hub/Editor/2020.3.26f1/Editor/Data/PlaybackEngines/WindowsStandaloneSupport/UnityEditor.WindowsStandalone.Extensions.dll
Registered in 0.009424 seconds.
Native extension for WindowsStandalone target not found
Native extension for WebGL target not found
Refreshing native plugins compatible for Editor in 84.55 ms, found 2 plugins.
Preloading 0 native plugins for Editor in 0.00 ms.
Mono: successfully reloaded assembly
- Completed reload, in  1.757 seconds
Domain Reload Profiling:
	ReloadAssembly (1758ms)
		BeginReloadAssembly (288ms)
			ExecutionOrderSort (0ms)
			DisableScriptedObjects (0ms)
			BackupInstance (0ms)
			ReleaseScriptingObjects (0ms)
			CreateAndSetChildDomain (2ms)
		EndReloadAssembly (1250ms)
			LoadAssemblies (288ms)
			RebuildTransferFunctionScriptingTraits (0ms)
			SetupTypeCache (461ms)
			ReleaseScriptCaches (0ms)
			RebuildScriptCaches (84ms)
			SetupLoadedEditorAssemblies (414ms)
				LogAssemblyErrors (0ms)
				InitializePlatformSupportModulesInManaged (16ms)
				SetLoadedEditorAssemblies (1ms)
				RefreshPlugins (85ms)
				BeforeProcessingInitializeOnLoad (38ms)
				ProcessInitializeOnLoadAttributes (204ms)
				ProcessInitializeOnLoadMethodAttributes (70ms)
				AfterProcessingInitializeOnLoad (0ms)
				EditorAssembliesLoaded (1ms)
			ExecutionOrderSort2 (0ms)
			AwakeInstancesAfterBackupRestoration (0ms)
Platform modules already initialized, skipping
Registering precompiled user dll's ...
Registered in 0.032560 seconds.
Begin MonoManager ReloadAssembly
Native extension for WindowsStandalone target not found
Native extension for WebGL target not found
Refreshing native plugins compatible for Editor in 0.58 ms, found 2 plugins.
Preloading 0 native plugins for Editor in 0.00 ms.
Mono: successfully reloaded assembly
- Completed reload, in  2.944 seconds
Domain Reload Profiling:
	ReloadAssembly (2948ms)
		BeginReloadAssembly (477ms)
			ExecutionOrderSort (0ms)
			DisableScriptedObjects (10ms)
			BackupInstance (0ms)
			ReleaseScriptingObjects (0ms)
			CreateAndSetChildDomain (38ms)
		EndReloadAssembly (2330ms)
			LoadAssemblies (380ms)
			RebuildTransferFunctionScriptingTraits (0ms)
			SetupTypeCache (809ms)
			ReleaseScriptCaches (1ms)
			RebuildScriptCaches (111ms)
			SetupLoadedEditorAssemblies (882ms)
				LogAssemblyErrors (0ms)
				InitializePlatformSupportModulesInManaged (11ms)
				SetLoadedEditorAssemblies (1ms)
				RefreshPlugins (1ms)
				BeforeProcessingInitializeOnLoad (235ms)
				ProcessInitializeOnLoadAttributes (585ms)
				ProcessInitializeOnLoadMethodAttributes (27ms)
				AfterProcessingInitializeOnLoad (21ms)
				EditorAssembliesLoaded (1ms)
			ExecutionOrderSort2 (0ms)
			AwakeInstancesAfterBackupRestoration (16ms)
Platform modules already initialized, skipping
========================================================================
Worker process is ready to serve import requests
Launched and connected shader compiler UnityShaderCompiler.exe after 0.26 seconds
Refreshing native plugins compatible for Editor in 2.20 ms, found 2 plugins.
Preloading 0 native plugins for Editor in 0.00 ms.
Unloading 1503 Unused Serialized files (Serialized files now loaded: 0)
System memory in use before: 67.5 MB.
System memory in use after: 67.6 MB.

Unloading 19 unused Assets to reduce memory usage. Loaded Objects now: 1935.
Total: 5.484600 ms (FindLiveObjects: 0.212000 ms CreateObjectMapping: 0.065200 ms MarkObjects: 5.074800 ms  DeleteObjects: 0.130100 ms)

AssetImportParameters requested are different than current active one (requested -> active):
  custom:framework-win-MediaFoundation: 216162199b28c13a410421893ffa2e32 -> 
  custom:video-decoder-ogg-theora: a1e56fd34408186e4bbccfd4996cb3dc -> 
  custom:container-muxer-webm: aa71ff27fc2769a1b78a27578f13a17b -> 
  custom:container-demuxer-webm: 4f35f7cbe854078d1ac9338744f61a02 -> 
  custom:container-demuxer-ogg: 62fdf1f143b41e24485cea50d1cbac27 -> 
  custom:video-encoder-webm-vp8: eb34c28f22e8b96e1ab97ce403110664 -> 
  custom:video-codec-MediaFoundation-h265: 746d11721c4dcdbdad8f713fa42b33f4 -> 
  custom:video-decoder-webm-vp8: 9c59270c3fd7afecdb556c50c9e8de78 -> 
  custom:audio-decoder-ogg-vorbis: bf7c407c2cedff20999df2af8eb42d56 -> 
  custom:audio-encoder-webm-vorbis: bf7c407c2cedff20999df2af8eb42d56 -> 
========================================================================
Received Import Request.
  path: Assets/Timeline.playable
  artifactKey: Guid(a360a3575ace4ce49b14d95c76652cc1) Importer(815301076,1909f56bfc062723c751e8b465ee728b)
Start importing Assets/Timeline.playable using Guid(a360a3575ace4ce49b14d95c76652cc1) Importer(815301076,1909f56bfc062723c751e8b465ee728b)  -> (artifact id: '47a496baf967a393726f504b80ae335e') in 0.089157 seconds 
  Import took 0.094728 seconds .

========================================================================
Received Import Request.
  Time since last request: 11.336068 seconds.
  path: Assets/su-vgdc
  artifactKey: Guid(564a4ada5400a8b419c4b6e6e74cce3c) Importer(815301076,1909f56bfc062723c751e8b465ee728b)
Start importing Assets/su-vgdc using Guid(564a4ada5400a8b419c4b6e6e74cce3c) Importer(815301076,1909f56bfc062723c751e8b465ee728b)  -> (artifact id: '2720a35db2d2d050355555edf2217a6b') in 0.024861 seconds 
  Import took 0.029393 seconds .

========================================================================
Received Import Request.
  Time since last request: 3.606823 seconds.
  path: Assets/su-vgdc/source/Su.fbx
  artifactKey: Guid(e5f9a098dd94ca6408517f6c6f2e7662) Importer(815301076,1909f56bfc062723c751e8b465ee728b)
Start importing Assets/su-vgdc/source/Su.fbx using Guid(e5f9a098dd94ca6408517f6c6f2e7662) Importer(815301076,1909f56bfc062723c751e8b465ee728b)  -> (artifact id: '43cc7a7cf35e8ffc6495a878484de627') in 1.072507 seconds 
  Import took 1.083090 seconds .

========================================================================
Received Import Request.
  Time since last request: 0.000575 seconds.
  path: Assets/su-vgdc/source
  artifactKey: Guid(5b547a9c46e9c88469abed32c7ac4d94) Importer(815301076,1909f56bfc062723c751e8b465ee728b)
Start importing Assets/su-vgdc/source using Guid(5b547a9c46e9c88469abed32c7ac4d94) Importer(815301076,1909f56bfc062723c751e8b465ee728b)  -> (artifact id: 'b8f4c7d6cdc3d41767a094578aa1fd9a') in 0.017741 seconds 
  Import took 0.026134 seconds .

========================================================================
Received Import Request.
  Time since last request: 585.975797 seconds.
  path: Assets/su-vgdc/Materials/Su_Body_Albedo.mat
  artifactKey: Guid(16cc67b6d5b753546bb0ba2514a92dfc) Importer(815301076,1909f56bfc062723c751e8b465ee728b)
Start importing Assets/su-vgdc/Materials/Su_Body_Albedo.mat using Guid(16cc67b6d5b753546bb0ba2514a92dfc) Importer(815301076,1909f56bfc062723c751e8b465ee728b)  -> (artifact id: '0e860cedf1d8d1bbf4997f9258333516') in 0.080239 seconds 
  Import took 0.090919 seconds .

========================================================================
Received Import Request.
  Time since last request: 0.000459 seconds.
  path: Assets/su-vgdc/Materials/Su_Body_Normal.mat
  artifactKey: Guid(d710d222b4ea2f046b92f97de9d1dc45) Importer(815301076,1909f56bfc062723c751e8b465ee728b)
Start importing Assets/su-vgdc/Materials/Su_Body_Normal.mat using Guid(d710d222b4ea2f046b92f97de9d1dc45) Importer(815301076,1909f56bfc062723c751e8b465ee728b)  -> (artifact id: 'f53a10caeca4861c3ee162c418f62cc2') in 0.058547 seconds 
  Import took 0.066427 seconds .

========================================================================
Received Import Request.
  Time since last request: 0.000618 seconds.
  path: Assets/su-vgdc/Materials/Su_Body_Emit.mat
  artifactKey: Guid(06c3fd99105ee284f920105737f6a791) Importer(815301076,1909f56bfc062723c751e8b465ee728b)
Start importing Assets/su-vgdc/Materials/Su_Body_Emit.mat using Guid(06c3fd99105ee284f920105737f6a791) Importer(815301076,1909f56bfc062723c751e8b465ee728b)  -> (artifact id: 'ae87030032e4fc65a6131bf9a133f910') in 0.050466 seconds 
  Import took 0.057326 seconds .

========================================================================
Received Import Request.
  Time since last request: 0.000568 seconds.
  path: Assets/su-vgdc/Materials/Su_Gun_Metalness.mat
  artifactKey: Guid(5bc399d881d7e5349a10928ab8324c0d) Importer(815301076,1909f56bfc062723c751e8b465ee728b)
Start importing Assets/su-vgdc/Materials/Su_Gun_Metalness.mat using Guid(5bc399d881d7e5349a10928ab8324c0d) Importer(815301076,1909f56bfc062723c751e8b465ee728b)  -> (artifact id: '59cb3d75292d3e3b6ac3b536f1b6c046') in 0.044169 seconds 
  Import took 0.052712 seconds .

========================================================================
Received Import Request.
  Time since last request: 0.000562 seconds.
  path: Assets/su-vgdc/Materials/Su_Gun_Albedo.mat
  artifactKey: Guid(51d392ef814db8940bd43ab506fc3e6a) Importer(815301076,1909f56bfc062723c751e8b465ee728b)
Start importing Assets/su-vgdc/Materials/Su_Gun_Albedo.mat using Guid(51d392ef814db8940bd43ab506fc3e6a) Importer(815301076,1909f56bfc062723c751e8b465ee728b)  -> (artifact id: 'df57d16d0a724c4fcdc8241cd774c23a') in 0.061137 seconds 
  Import took 0.069041 seconds .

========================================================================
Received Import Request.
  Time since last request: 0.000588 seconds.
  path: Assets/su-vgdc/Materials
  artifactKey: Guid(10edaf26589813449a0736e160f17a02) Importer(815301076,1909f56bfc062723c751e8b465ee728b)
Start importing Assets/su-vgdc/Materials using Guid(10edaf26589813449a0736e160f17a02) Importer(815301076,1909f56bfc062723c751e8b465ee728b)  -> (artifact id: 'a7501d2b09a0b339095b4d53a5e12bfd') in 0.019425 seconds 
  Import took 0.026264 seconds .

========================================================================
Received Import Request.
  Time since last request: 17.203551 seconds.
  path: Assets/su-vgdc/Materials/Su_Gun_Normal.mat
  artifactKey: Guid(41bed50ef34a44145a4f54e031664b0b) Importer(815301076,1909f56bfc062723c751e8b465ee728b)
Start importing Assets/su-vgdc/Materials/Su_Gun_Normal.mat using Guid(41bed50ef34a44145a4f54e031664b0b) Importer(815301076,1909f56bfc062723c751e8b465ee728b)  -> (artifact id: 'cdd8e7509d090d46d53994d6317e5ecd') in 0.058536 seconds 
  Import took 0.065693 seconds .

========================================================================
Received Import Request.
  Time since last request: 0.000538 seconds.
  path: Assets/su-vgdc/Materials/Su_Hair_Albedo.mat
  artifactKey: Guid(35b3f245e66b7ab418506bcf90f49931) Importer(815301076,1909f56bfc062723c751e8b465ee728b)
Start importing Assets/su-vgdc/Materials/Su_Hair_Albedo.mat using Guid(35b3f245e66b7ab418506bcf90f49931) Importer(815301076,1909f56bfc062723c751e8b465ee728b)  -> (artifact id: 'ca968859d38c9b6b5a47772a6314c8d4') in 0.051215 seconds 
  Import took 0.057470 seconds .

========================================================================
Received Import Request.
  Time since last request: 0.000607 seconds.
  path: Assets/su-vgdc/Materials/Su_Gun_Roughness.mat
  artifactKey: Guid(ffc384b9b53dc5d41bb26ef19d277185) Importer(815301076,1909f56bfc062723c751e8b465ee728b)
Start importing Assets/su-vgdc/Materials/Su_Gun_Roughness.mat using Guid(ffc384b9b53dc5d41bb26ef19d277185) Importer(815301076,1909f56bfc062723c751e8b465ee728b)  -> (artifact id: '200f680fd14201febce132e36fc4943e') in 0.047005 seconds 
  Import took 0.057794 seconds .

========================================================================
Received Import Request.
  Time since last request: 0.124378 seconds.
  path: Assets/su-vgdc/Materials/Su_Hair_Alpha.mat
  artifactKey: Guid(d79b4b85fa4791648b42e87d32205fcc) Importer(815301076,1909f56bfc062723c751e8b465ee728b)
Start importing Assets/su-vgdc/Materials/Su_Hair_Alpha.mat using Guid(d79b4b85fa4791648b42e87d32205fcc) Importer(815301076,1909f56bfc062723c751e8b465ee728b)  -> (artifact id: '5e30d4345c4691e94ba738fcf8035a72') in 0.063494 seconds 
  Import took 0.070813 seconds .

========================================================================
Received Import Request.
  Time since last request: 0.163755 seconds.
  path: Assets/su-vgdc/Materials/Su_Hair_Roughness.mat
  artifactKey: Guid(c214037d778239944ae8930fc1a5cb22) Importer(815301076,1909f56bfc062723c751e8b465ee728b)
Start importing Assets/su-vgdc/Materials/Su_Hair_Roughness.mat using Guid(c214037d778239944ae8930fc1a5cb22) Importer(815301076,1909f56bfc062723c751e8b465ee728b)  -> (artifact id: '20633d5f883bcf7324fb48552695a304') in 0.058727 seconds 
  Import took 0.068278 seconds .

========================================================================
Received Import Request.
  Time since last request: 0.273226 seconds.
  path: Assets/su-vgdc/Materials/Su_Skin_Albedo.mat
  artifactKey: Guid(c870cf2e34a4f1e4ea3b83ac9d844a44) Importer(815301076,1909f56bfc062723c751e8b465ee728b)
Start importing Assets/su-vgdc/Materials/Su_Skin_Albedo.mat using Guid(c870cf2e34a4f1e4ea3b83ac9d844a44) Importer(815301076,1909f56bfc062723c751e8b465ee728b)  -> (artifact id: '53595ed3ac78ba923f812b2b859c4ac5') in 0.067541 seconds 
  Import took 0.075626 seconds .

========================================================================
Received Import Request.
  Time since last request: 13.476641 seconds.
  path: Assets/su-vgdc/Materials/Su_Skin_Roughness.mat
  artifactKey: Guid(847958b67a5afe8408453dc6dee216d3) Importer(815301076,1909f56bfc062723c751e8b465ee728b)
Start importing Assets/su-vgdc/Materials/Su_Skin_Roughness.mat using Guid(847958b67a5afe8408453dc6dee216d3) Importer(815301076,1909f56bfc062723c751e8b465ee728b)  -> (artifact id: '07ea6225c8f40aaadc1eb09bbdfd9cd0') in 0.066982 seconds 
  Import took 0.075897 seconds .

========================================================================
Received Prepare
Registering precompiled user dll's ...
Registered in 0.044045 seconds.
Begin MonoManager ReloadAssembly
Native extension for WindowsStandalone target not found
Native extension for WebGL target not found
Refreshing native plugins compatible for Editor in 0.95 ms, found 2 plugins.
Preloading 0 native plugins for Editor in 0.00 ms.
Mono: successfully reloaded assembly
- Completed reload, in  3.127 seconds
Domain Reload Profiling:
	ReloadAssembly (3128ms)
		BeginReloadAssembly (418ms)
			ExecutionOrderSort (0ms)
			DisableScriptedObjects (7ms)
			BackupInstance (0ms)
			ReleaseScriptingObjects (0ms)
			CreateAndSetChildDomain (74ms)
		EndReloadAssembly (2529ms)
			LoadAssemblies (422ms)
			RebuildTransferFunctionScriptingTraits (0ms)
			SetupTypeCache (771ms)
			ReleaseScriptCaches (2ms)
			RebuildScriptCaches (112ms)
			SetupLoadedEditorAssemblies (1042ms)
				LogAssemblyErrors (0ms)
				InitializePlatformSupportModulesInManaged (25ms)
				SetLoadedEditorAssemblies (2ms)
				RefreshPlugins (1ms)
				BeforeProcessingInitializeOnLoad (270ms)
				ProcessInitializeOnLoadAttributes (690ms)
				ProcessInitializeOnLoadMethodAttributes (25ms)
				AfterProcessingInitializeOnLoad (29ms)
				EditorAssembliesLoaded (1ms)
			ExecutionOrderSort2 (0ms)
			AwakeInstancesAfterBackupRestoration (23ms)
Platform modules already initialized, skipping
Refreshing native plugins compatible for Editor in 0.59 ms, found 2 plugins.
Preloading 0 native plugins for Editor in 0.00 ms.
Unloading 1497 Unused Serialized files (Serialized files now loaded: 0)
System memory in use before: 84.4 MB.
System memory in use after: 84.6 MB.

Unloading 14 unused Assets to reduce memory usage. Loaded Objects now: 1981.
Total: 5.150700 ms (FindLiveObjects: 0.201900 ms CreateObjectMapping: 0.064100 ms MarkObjects: 4.815200 ms  DeleteObjects: 0.067400 ms)

AssetImportParameters requested are different than current active one (requested -> active):
  custom:framework-win-MediaFoundation: 216162199b28c13a410421893ffa2e32 -> 
  custom:video-decoder-ogg-theora: a1e56fd34408186e4bbccfd4996cb3dc -> 
  custom:container-muxer-webm: aa71ff27fc2769a1b78a27578f13a17b -> 
  custom:container-demuxer-webm: 4f35f7cbe854078d1ac9338744f61a02 -> 
  custom:container-demuxer-ogg: 62fdf1f143b41e24485cea50d1cbac27 -> 
  custom:video-encoder-webm-vp8: eb34c28f22e8b96e1ab97ce403110664 -> 
  custom:video-codec-MediaFoundation-h265: 746d11721c4dcdbdad8f713fa42b33f4 -> 
  custom:video-decoder-webm-vp8: 9c59270c3fd7afecdb556c50c9e8de78 -> 
  custom:audio-decoder-ogg-vorbis: bf7c407c2cedff20999df2af8eb42d56 -> 
  custom:audio-encoder-webm-vorbis: bf7c407c2cedff20999df2af8eb42d56 -> 
========================================================================
Received Import Request.
  Time since last request: 211.515643 seconds.
  path: Assets/su-vgdc/source/Su.fbx
  artifactKey: Guid(e5f9a098dd94ca6408517f6c6f2e7662) Importer(815301076,1909f56bfc062723c751e8b465ee728b)
Start importing Assets/su-vgdc/source/Su.fbx using Guid(e5f9a098dd94ca6408517f6c6f2e7662) Importer(815301076,1909f56bfc062723c751e8b465ee728b)  -> (artifact id: 'dfb22e81ac807b9958d23b657654b13b') in 0.621587 seconds 
  Import took 0.630752 seconds .

========================================================================
Received Prepare
Registering precompiled user dll's ...
Registered in 0.028596 seconds.
Begin MonoManager ReloadAssembly
Native extension for WindowsStandalone target not found
Native extension for WebGL target not found
Refreshing native plugins compatible for Editor in 0.69 ms, found 2 plugins.
Preloading 0 native plugins for Editor in 0.00 ms.
Mono: successfully reloaded assembly
- Completed reload, in  2.365 seconds
Domain Reload Profiling:
	ReloadAssembly (2366ms)
		BeginReloadAssembly (345ms)
			ExecutionOrderSort (0ms)
			DisableScriptedObjects (7ms)
			BackupInstance (0ms)
			ReleaseScriptingObjects (0ms)
			CreateAndSetChildDomain (59ms)
		EndReloadAssembly (1881ms)
			LoadAssemblies (375ms)
			RebuildTransferFunctionScriptingTraits (0ms)
			SetupTypeCache (651ms)
			ReleaseScriptCaches (2ms)
			RebuildScriptCaches (84ms)
			SetupLoadedEditorAssemblies (696ms)
				LogAssemblyErrors (0ms)
				InitializePlatformSupportModulesInManaged (13ms)
				SetLoadedEditorAssemblies (1ms)
				RefreshPlugins (1ms)
				BeforeProcessingInitializeOnLoad (221ms)
				ProcessInitializeOnLoadAttributes (426ms)
				ProcessInitializeOnLoadMethodAttributes (19ms)
				AfterProcessingInitializeOnLoad (14ms)
				EditorAssembliesLoaded (0ms)
			ExecutionOrderSort2 (0ms)
			AwakeInstancesAfterBackupRestoration (14ms)
Platform modules already initialized, skipping
Refreshing native plugins compatible for Editor in 0.79 ms, found 2 plugins.
Preloading 0 native plugins for Editor in 0.00 ms.
Unloading 1497 Unused Serialized files (Serialized files now loaded: 0)
System memory in use before: 84.5 MB.
System memory in use after: 84.6 MB.

Unloading 14 unused Assets to reduce memory usage. Loaded Objects now: 1984.
Total: 5.991500 ms (FindLiveObjects: 0.176300 ms CreateObjectMapping: 0.062700 ms MarkObjects: 5.703300 ms  DeleteObjects: 0.045900 ms)

AssetImportParameters requested are different than current active one (requested -> active):
  custom:framework-win-MediaFoundation: 216162199b28c13a410421893ffa2e32 -> 
  custom:video-decoder-ogg-theora: a1e56fd34408186e4bbccfd4996cb3dc -> 
  custom:container-muxer-webm: aa71ff27fc2769a1b78a27578f13a17b -> 
  custom:container-demuxer-webm: 4f35f7cbe854078d1ac9338744f61a02 -> 
  custom:container-demuxer-ogg: 62fdf1f143b41e24485cea50d1cbac27 -> 
  custom:video-encoder-webm-vp8: eb34c28f22e8b96e1ab97ce403110664 -> 
  custom:video-codec-MediaFoundation-h265: 746d11721c4dcdbdad8f713fa42b33f4 -> 
  custom:video-decoder-webm-vp8: 9c59270c3fd7afecdb556c50c9e8de78 -> 
  custom:audio-decoder-ogg-vorbis: bf7c407c2cedff20999df2af8eb42d56 -> 
  custom:audio-encoder-webm-vorbis: bf7c407c2cedff20999df2af8eb42d56 -> 
========================================================================
Received Prepare
Registering precompiled user dll's ...
Registered in 0.031130 seconds.
Begin MonoManager ReloadAssembly
Native extension for WindowsStandalone target not found
Native extension for WebGL target not found
Refreshing native plugins compatible for Editor in 1.24 ms, found 2 plugins.
Preloading 0 native plugins for Editor in 0.00 ms.
Mono: successfully reloaded assembly
- Completed reload, in  2.580 seconds
Domain Reload Profiling:
	ReloadAssembly (2581ms)
		BeginReloadAssembly (386ms)
			ExecutionOrderSort (0ms)
			DisableScriptedObjects (9ms)
			BackupInstance (0ms)
			ReleaseScriptingObjects (0ms)
			CreateAndSetChildDomain (64ms)
		EndReloadAssembly (2038ms)
			LoadAssemblies (391ms)
			RebuildTransferFunctionScriptingTraits (0ms)
			SetupTypeCache (706ms)
			ReleaseScriptCaches (2ms)
			RebuildScriptCaches (104ms)
			SetupLoadedEditorAssemblies (745ms)
				LogAssemblyErrors (0ms)
				InitializePlatformSupportModulesInManaged (18ms)
				SetLoadedEditorAssemblies (2ms)
				RefreshPlugins (2ms)
				BeforeProcessingInitializeOnLoad (205ms)
				ProcessInitializeOnLoadAttributes (464ms)
				ProcessInitializeOnLoadMethodAttributes (27ms)
				AfterProcessingInitializeOnLoad (26ms)
				EditorAssembliesLoaded (1ms)
			ExecutionOrderSort2 (0ms)
			AwakeInstancesAfterBackupRestoration (24ms)
Platform modules already initialized, skipping
Refreshing native plugins compatible for Editor in 0.83 ms, found 2 plugins.
Preloading 0 native plugins for Editor in 0.00 ms.
Unloading 1497 Unused Serialized files (Serialized files now loaded: 0)
System memory in use before: 84.5 MB.
System memory in use after: 84.6 MB.

Unloading 14 unused Assets to reduce memory usage. Loaded Objects now: 1986.
Total: 5.886200 ms (FindLiveObjects: 0.519100 ms CreateObjectMapping: 0.332000 ms MarkObjects: 4.999100 ms  DeleteObjects: 0.032700 ms)

AssetImportParameters requested are different than current active one (requested -> active):
  custom:framework-win-MediaFoundation: 216162199b28c13a410421893ffa2e32 -> 
  custom:video-decoder-ogg-theora: a1e56fd34408186e4bbccfd4996cb3dc -> 
  custom:container-muxer-webm: aa71ff27fc2769a1b78a27578f13a17b -> 
  custom:container-demuxer-webm: 4f35f7cbe854078d1ac9338744f61a02 -> 
  custom:container-demuxer-ogg: 62fdf1f143b41e24485cea50d1cbac27 -> 
  custom:video-encoder-webm-vp8: eb34c28f22e8b96e1ab97ce403110664 -> 
  custom:video-codec-MediaFoundation-h265: 746d11721c4dcdbdad8f713fa42b33f4 -> 
  custom:video-decoder-webm-vp8: 9c59270c3fd7afecdb556c50c9e8de78 -> 
  custom:audio-decoder-ogg-vorbis: bf7c407c2cedff20999df2af8eb42d56 -> 
  custom:audio-encoder-webm-vorbis: bf7c407c2cedff20999df2af8eb42d56 -> 
========================================================================
Received Prepare
Registering precompiled user dll's ...
Registered in 0.417428 seconds.
Begin MonoManager ReloadAssembly
Native extension for WindowsStandalone target not found
Native extension for WebGL target not found
Refreshing native plugins compatible for Editor in 0.70 ms, found 2 plugins.
Preloading 0 native plugins for Editor in 0.00 ms.
Mono: successfully reloaded assembly
- Completed reload, in  6.425 seconds
Domain Reload Profiling:
	ReloadAssembly (6426ms)
		BeginReloadAssembly (2668ms)
			ExecutionOrderSort (0ms)
			DisableScriptedObjects (9ms)
			BackupInstance (0ms)
			ReleaseScriptingObjects (0ms)
			CreateAndSetChildDomain (62ms)
		EndReloadAssembly (3620ms)
			LoadAssemblies (3213ms)
			RebuildTransferFunctionScriptingTraits (0ms)
			SetupTypeCache (1064ms)
			ReleaseScriptCaches (1ms)
			RebuildScriptCaches (84ms)
			SetupLoadedEditorAssemblies (1460ms)
				LogAssemblyErrors (0ms)
				InitializePlatformSupportModulesInManaged (14ms)
				SetLoadedEditorAssemblies (1ms)
				RefreshPlugins (1ms)
				BeforeProcessingInitializeOnLoad (168ms)
				ProcessInitializeOnLoadAttributes (494ms)
				ProcessInitializeOnLoadMethodAttributes (767ms)
				AfterProcessingInitializeOnLoad (14ms)
				EditorAssembliesLoaded (1ms)
			ExecutionOrderSort2 (0ms)
			AwakeInstancesAfterBackupRestoration (12ms)
Platform modules already initialized, skipping
Refreshing native plugins compatible for Editor in 0.72 ms, found 2 plugins.
Preloading 0 native plugins for Editor in 0.00 ms.
Unloading 1497 Unused Serialized files (Serialized files now loaded: 0)
System memory in use before: 84.5 MB.
System memory in use after: 84.6 MB.

Unloading 14 unused Assets to reduce memory usage. Loaded Objects now: 1988.
Total: 6.740700 ms (FindLiveObjects: 0.266000 ms CreateObjectMapping: 0.096100 ms MarkObjects: 6.340700 ms  DeleteObjects: 0.035000 ms)

AssetImportParameters requested are different than current active one (requested -> active):
  custom:framework-win-MediaFoundation: 216162199b28c13a410421893ffa2e32 -> 
  custom:video-decoder-ogg-theora: a1e56fd34408186e4bbccfd4996cb3dc -> 
  custom:container-muxer-webm: aa71ff27fc2769a1b78a27578f13a17b -> 
  custom:container-demuxer-webm: 4f35f7cbe854078d1ac9338744f61a02 -> 
  custom:container-demuxer-ogg: 62fdf1f143b41e24485cea50d1cbac27 -> 
  custom:video-encoder-webm-vp8: eb34c28f22e8b96e1ab97ce403110664 -> 
  custom:video-codec-MediaFoundation-h265: 746d11721c4dcdbdad8f713fa42b33f4 -> 
  custom:video-decoder-webm-vp8: 9c59270c3fd7afecdb556c50c9e8de78 -> 
  custom:audio-decoder-ogg-vorbis: bf7c407c2cedff20999df2af8eb42d56 -> 
  custom:audio-encoder-webm-vorbis: bf7c407c2cedff20999df2af8eb42d56 -> 
========================================================================
Received Import Request.
  Time since last request: 502.232674 seconds.
  path: Assets/su-vgdc/source/Epic Game Hits SFX/Accpet invite.wav
  artifactKey: Guid(cfe159e00034e4ec598c9fa31faaff78) Importer(815301076,1909f56bfc062723c751e8b465ee728b)
Start importing Assets/su-vgdc/source/Epic Game Hits SFX/Accpet invite.wav using Guid(cfe159e00034e4ec598c9fa31faaff78) Importer(815301076,1909f56bfc062723c751e8b465ee728b)  -> (artifact id: '45967519495a5f1c546bf0e2432ee89b') in 0.160330 seconds 
  Import took 0.166112 seconds .

========================================================================
Received Import Request.
  Time since last request: 0.000605 seconds.
  path: Assets/su-vgdc/source/Epic Game Hits SFX/Animation Plant Pop Up.wav
  artifactKey: Guid(4f37d6c293cef4472954b7786b392c83) Importer(815301076,1909f56bfc062723c751e8b465ee728b)
Start importing Assets/su-vgdc/source/Epic Game Hits SFX/Animation Plant Pop Up.wav using Guid(4f37d6c293cef4472954b7786b392c83) Importer(815301076,1909f56bfc062723c751e8b465ee728b)  -> (artifact id: '4841dd79475ac7256da694984aa31e2e') in 0.048989 seconds 
  Import took 0.054209 seconds .

========================================================================
Received Import Request.
  Time since last request: 0.000855 seconds.
  path: Assets/su-vgdc/source/Epic Game Hits SFX
  artifactKey: Guid(4c0ee7f18f6c6c945be2c40edc55fa55) Importer(815301076,1909f56bfc062723c751e8b465ee728b)
Start importing Assets/su-vgdc/source/Epic Game Hits SFX using Guid(4c0ee7f18f6c6c945be2c40edc55fa55) Importer(815301076,1909f56bfc062723c751e8b465ee728b)  -> (artifact id: 'dfaf531388a2ec7937bd1e2f3322d24a') in 0.028429 seconds 
  Import took 0.035295 seconds .

========================================================================
Received Import Request.
  Time since last request: 0.000804 seconds.
  path: Assets/su-vgdc/source/Epic Game Hits SFX/Animation Block impact2.wav
  artifactKey: Guid(dfca84dc04e1f48c08e3a081991483b3) Importer(815301076,1909f56bfc062723c751e8b465ee728b)
Start importing Assets/su-vgdc/source/Epic Game Hits SFX/Animation Block impact2.wav using Guid(dfca84dc04e1f48c08e3a081991483b3) Importer(815301076,1909f56bfc062723c751e8b465ee728b)  -> (artifact id: '2b00e1a50a4699cdefa0784c7f036729') in 0.051337 seconds 
  Import took 0.058968 seconds .

========================================================================
Received Import Request.
  Time since last request: 0.000780 seconds.
  path: Assets/su-vgdc/source/Epic Game Hits SFX/Animation Block impact.wav
  artifactKey: Guid(ced7c09d955e74b70a97af69106fb289) Importer(815301076,1909f56bfc062723c751e8b465ee728b)
Start importing Assets/su-vgdc/source/Epic Game Hits SFX/Animation Block impact.wav using Guid(ced7c09d955e74b70a97af69106fb289) Importer(815301076,1909f56bfc062723c751e8b465ee728b)  -> (artifact id: '430976a66282c9d5c7ef25958998d068') in 0.043831 seconds 
  Import took 0.049741 seconds .

========================================================================
Received Import Request.
  Time since last request: 3.306467 seconds.
  path: Assets/su-vgdc/source/Epic Game Hits SFX/Animation Plant Pop Up2.wav
  artifactKey: Guid(b2fb5786513f8413a81b165949ed28a5) Importer(815301076,1909f56bfc062723c751e8b465ee728b)
Start importing Assets/su-vgdc/source/Epic Game Hits SFX/Animation Plant Pop Up2.wav using Guid(b2fb5786513f8413a81b165949ed28a5) Importer(815301076,1909f56bfc062723c751e8b465ee728b)  -> (artifact id: '2cac029d5e7e362a76286ab7ab8a144f') in 0.046237 seconds 
  Import took 0.053915 seconds .

========================================================================
Received Import Request.
  Time since last request: 0.001141 seconds.
  path: Assets/su-vgdc/source/Epic Game Hits SFX/Arcade Creature Hit Pop 1.wav
  artifactKey: Guid(8cbacfe055db94d6c8a9a6deebc96eb6) Importer(815301076,1909f56bfc062723c751e8b465ee728b)
Start importing Assets/su-vgdc/source/Epic Game Hits SFX/Arcade Creature Hit Pop 1.wav using Guid(8cbacfe055db94d6c8a9a6deebc96eb6) Importer(815301076,1909f56bfc062723c751e8b465ee728b)  -> (artifact id: 'dc1d95378a68e1a4a38aeba16dfe7087') in 0.046710 seconds 
  Import took 0.054445 seconds .

========================================================================
Received Import Request.
  Time since last request: 0.000692 seconds.
  path: Assets/su-vgdc/source/Epic Game Hits SFX/Mech Game Item hit 3.wav
  artifactKey: Guid(5950a8a948fac4595b8b1750744fb22f) Importer(815301076,1909f56bfc062723c751e8b465ee728b)
Start importing Assets/su-vgdc/source/Epic Game Hits SFX/Mech Game Item hit 3.wav using Guid(5950a8a948fac4595b8b1750744fb22f) Importer(815301076,1909f56bfc062723c751e8b465ee728b)  -> (artifact id: 'be6636b3224b5595ad2b40691feda9f7') in 0.045105 seconds 
  Import took 0.053756 seconds .

========================================================================
Received Import Request.
  Time since last request: 0.000467 seconds.
  path: Assets/su-vgdc/source/Epic Game Hits SFX/Mech Game Item hit 2.wav
  artifactKey: Guid(e671c2ecbbd5240428f55ba1820d7b00) Importer(815301076,1909f56bfc062723c751e8b465ee728b)
Start importing Assets/su-vgdc/source/Epic Game Hits SFX/Mech Game Item hit 2.wav using Guid(e671c2ecbbd5240428f55ba1820d7b00) Importer(815301076,1909f56bfc062723c751e8b465ee728b)  -> (artifact id: '6d9c57e48839177481004314073351bd') in 0.048227 seconds 
  Import took 0.054795 seconds .

========================================================================
Received Import Request.
  Time since last request: 0.000505 seconds.
  path: Assets/su-vgdc/source/Epic Game Hits SFX/Mech Game Item hit 9.wav
  artifactKey: Guid(0a880a367b6ef4d939b1655cbf2deccc) Importer(815301076,1909f56bfc062723c751e8b465ee728b)
Start importing Assets/su-vgdc/source/Epic Game Hits SFX/Mech Game Item hit 9.wav using Guid(0a880a367b6ef4d939b1655cbf2deccc) Importer(815301076,1909f56bfc062723c751e8b465ee728b)  -> (artifact id: '23eff69b822522a3c06df0482a435ce9') in 0.041810 seconds 
  Import took 0.047292 seconds .

========================================================================
Received Import Request.
  Time since last request: 0.000415 seconds.
  path: Assets/su-vgdc/source/Epic Game Hits SFX/Mech Game Item hit 8.wav
  artifactKey: Guid(d72bbd7c1f55a4f39af3eedf887482c3) Importer(815301076,1909f56bfc062723c751e8b465ee728b)
Start importing Assets/su-vgdc/source/Epic Game Hits SFX/Mech Game Item hit 8.wav using Guid(d72bbd7c1f55a4f39af3eedf887482c3) Importer(815301076,1909f56bfc062723c751e8b465ee728b)  -> (artifact id: '6a6b97de09c5bc1bb680987dd241a568') in 0.039538 seconds 
  Import took 0.046662 seconds .

========================================================================
Received Import Request.
  Time since last request: 0.000432 seconds.
  path: Assets/su-vgdc/source/Epic Game Hits SFX/Mech Game Item hit 17.wav
  artifactKey: Guid(fd58014a1f9434e59b3ab2c4de9a09aa) Importer(815301076,1909f56bfc062723c751e8b465ee728b)
Start importing Assets/su-vgdc/source/Epic Game Hits SFX/Mech Game Item hit 17.wav using Guid(fd58014a1f9434e59b3ab2c4de9a09aa) Importer(815301076,1909f56bfc062723c751e8b465ee728b)  -> (artifact id: '1699694e5bac3a21d18ae846e0db8a08') in 0.041261 seconds 
  Import took 0.046723 seconds .

========================================================================
Received Import Request.
  Time since last request: 0.001047 seconds.
  path: Assets/su-vgdc/source/Epic Game Hits SFX/Mech Game Item hit 11.wav
  artifactKey: Guid(f785d4578375544c88dcc15c4aa32aa0) Importer(815301076,1909f56bfc062723c751e8b465ee728b)
Start importing Assets/su-vgdc/source/Epic Game Hits SFX/Mech Game Item hit 11.wav using Guid(f785d4578375544c88dcc15c4aa32aa0) Importer(815301076,1909f56bfc062723c751e8b465ee728b)  -> (artifact id: '599c652d22b3be6e56f16a41ec04d8a8') in 0.042184 seconds 
  Import took 0.050051 seconds .

========================================================================
Received Import Request.
  Time since last request: 0.000736 seconds.
  path: Assets/su-vgdc/source/Epic Game Hits SFX/Organice Ice Next Page Slide Transition 1.wav
  artifactKey: Guid(b8ef85913fa7d43ac81d6ffc464fc738) Importer(815301076,1909f56bfc062723c751e8b465ee728b)
Start importing Assets/su-vgdc/source/Epic Game Hits SFX/Organice Ice Next Page Slide Transition 1.wav using Guid(b8ef85913fa7d43ac81d6ffc464fc738) Importer(815301076,1909f56bfc062723c751e8b465ee728b)  -> (artifact id: '766411e80d1803b7acf70d451ec4a3e9') in 0.053916 seconds 
  Import took 0.060832 seconds .

========================================================================
Received Import Request.
  Time since last request: 0.000428 seconds.
  path: Assets/su-vgdc/source/Epic Game Hits SFX/Mech Game Item hit 12.wav
  artifactKey: Guid(2e6ebbf10077e4eb6aebd2161f67ffb2) Importer(815301076,1909f56bfc062723c751e8b465ee728b)
Start importing Assets/su-vgdc/source/Epic Game Hits SFX/Mech Game Item hit 12.wav using Guid(2e6ebbf10077e4eb6aebd2161f67ffb2) Importer(815301076,1909f56bfc062723c751e8b465ee728b)  -> (artifact id: '6fedc93810b97a9beb71274b93de3dc8') in 0.054406 seconds 
  Import took 0.061045 seconds .

========================================================================
Received Import Request.
  Time since last request: 0.000416 seconds.
  path: Assets/su-vgdc/source/Epic Game Hits SFX/Mech Game Item hit 13.wav
  artifactKey: Guid(58bb2ed36d4ae4791b190261b10827c6) Importer(815301076,1909f56bfc062723c751e8b465ee728b)
Start importing Assets/su-vgdc/source/Epic Game Hits SFX/Mech Game Item hit 13.wav using Guid(58bb2ed36d4ae4791b190261b10827c6) Importer(815301076,1909f56bfc062723c751e8b465ee728b)  -> (artifact id: 'a5f3ac8c99c00aa06a3dd7d4a7d49487') in 0.043259 seconds 
  Import took 0.051224 seconds .

========================================================================
Received Import Request.
  Time since last request: 0.000406 seconds.
  path: Assets/su-vgdc/source/Epic Game Hits SFX/Mech Game Item hit 15.wav
  artifactKey: Guid(341cee4e07fa9449885fc189ccdba475) Importer(815301076,1909f56bfc062723c751e8b465ee728b)
Start importing Assets/su-vgdc/source/Epic Game Hits SFX/Mech Game Item hit 15.wav using Guid(341cee4e07fa9449885fc189ccdba475) Importer(815301076,1909f56bfc062723c751e8b465ee728b)  -> (artifact id: '91f9cea259df0a0d2a69a27462b2049c') in 0.044365 seconds 
  Import took 0.052723 seconds .

========================================================================
Received Import Request.
  Time since last request: 0.000553 seconds.
  path: Assets/su-vgdc/source/Epic Game Hits SFX/Arcade Creature Hit Pop 3.wav
  artifactKey: Guid(19b6db7ce7a924b6493eac4bf8acf69d) Importer(815301076,1909f56bfc062723c751e8b465ee728b)
Start importing Assets/su-vgdc/source/Epic Game Hits SFX/Arcade Creature Hit Pop 3.wav using Guid(19b6db7ce7a924b6493eac4bf8acf69d) Importer(815301076,1909f56bfc062723c751e8b465ee728b)  -> (artifact id: 'b64647edcbc670370719b0d511d4140f') in 0.045004 seconds 
  Import took 0.056452 seconds .

========================================================================
Received Import Request.
  Time since last request: 0.000720 seconds.
  path: Assets/su-vgdc/source/Epic Game Hits SFX/Mech Game Item hit 4.wav
  artifactKey: Guid(e76c20b30d54f4050a459a896a42d83b) Importer(815301076,1909f56bfc062723c751e8b465ee728b)
Start importing Assets/su-vgdc/source/Epic Game Hits SFX/Mech Game Item hit 4.wav using Guid(e76c20b30d54f4050a459a896a42d83b) Importer(815301076,1909f56bfc062723c751e8b465ee728b)  -> (artifact id: '82c5f0712f5900ffa6f8de45836c6227') in 0.053973 seconds 
  Import took 0.061425 seconds .

========================================================================
Received Import Request.
  Time since last request: 0.000539 seconds.
  path: Assets/su-vgdc/source/Epic Game Hits SFX/Arcade Creature Hit Pop 2.wav
  artifactKey: Guid(baf532ce5c77941e1be77aab548f880d) Importer(815301076,1909f56bfc062723c751e8b465ee728b)
Start importing Assets/su-vgdc/source/Epic Game Hits SFX/Arcade Creature Hit Pop 2.wav using Guid(baf532ce5c77941e1be77aab548f880d) Importer(815301076,1909f56bfc062723c751e8b465ee728b)  -> (artifact id: 'eaa95c73564c5de0f6433b49a99d58e2') in 0.042054 seconds 
  Import took 0.052794 seconds .

========================================================================
Received Import Request.
  Time since last request: 0.000407 seconds.
  path: Assets/su-vgdc/source/Epic Game Hits SFX/Mech Game Item hit 5.wav
  artifactKey: Guid(04ac4b3437db843058ef7b7bfe73f8dc) Importer(815301076,1909f56bfc062723c751e8b465ee728b)
Start importing Assets/su-vgdc/source/Epic Game Hits SFX/Mech Game Item hit 5.wav using Guid(04ac4b3437db843058ef7b7bfe73f8dc) Importer(815301076,1909f56bfc062723c751e8b465ee728b)  -> (artifact id: '4529f7713ed7b92ef50a28133e3e3c26') in 0.040503 seconds 
  Import took 0.046271 seconds .

========================================================================
Received Import Request.
  Time since last request: 0.000624 seconds.
  path: Assets/su-vgdc/source/Epic Game Hits SFX/Mech Game Item hit 14.wav
  artifactKey: Guid(f7466e5d45fb5487f9462c10e8e0ff65) Importer(815301076,1909f56bfc062723c751e8b465ee728b)
Start importing Assets/su-vgdc/source/Epic Game Hits SFX/Mech Game Item hit 14.wav using Guid(f7466e5d45fb5487f9462c10e8e0ff65) Importer(815301076,1909f56bfc062723c751e8b465ee728b)  -> (artifact id: '8d128f0087d481a93166154e952a0153') in 0.041186 seconds 
  Import took 0.048406 seconds .

========================================================================
Received Import Request.
  Time since last request: 0.000383 seconds.
  path: Assets/su-vgdc/source/Epic Game Hits SFX/Organice Ice Next Page Slide Transition 2.wav
  artifactKey: Guid(e8a27091901014e3bb7a1944a03921fa) Importer(815301076,1909f56bfc062723c751e8b465ee728b)
Start importing Assets/su-vgdc/source/Epic Game Hits SFX/Organice Ice Next Page Slide Transition 2.wav using Guid(e8a27091901014e3bb7a1944a03921fa) Importer(815301076,1909f56bfc062723c751e8b465ee728b)  -> (artifact id: '1bf37dbae8bec525fadd7d4994b65e31') in 0.042782 seconds 
  Import took 0.048905 seconds .

========================================================================
Received Import Request.
  Time since last request: 0.000323 seconds.
  path: Assets/su-vgdc/source/Epic Game Hits SFX/Mech Game Item hit 7.wav
  artifactKey: Guid(0c467fa94839d49dc9d4446c7352bbfd) Importer(815301076,1909f56bfc062723c751e8b465ee728b)
Start importing Assets/su-vgdc/source/Epic Game Hits SFX/Mech Game Item hit 7.wav using Guid(0c467fa94839d49dc9d4446c7352bbfd) Importer(815301076,1909f56bfc062723c751e8b465ee728b)  -> (artifact id: '26267d642c024636d0c4d66c927eecae') in 0.042233 seconds 
  Import took 0.048645 seconds .

========================================================================
Received Import Request.
  Time since last request: 0.000369 seconds.
  path: Assets/su-vgdc/source/Epic Game Hits SFX/Mech Game Item hit 6.wav
  artifactKey: Guid(18ac99afb19fb43ae98e2652a1a20444) Importer(815301076,1909f56bfc062723c751e8b465ee728b)
Start importing Assets/su-vgdc/source/Epic Game Hits SFX/Mech Game Item hit 6.wav using Guid(18ac99afb19fb43ae98e2652a1a20444) Importer(815301076,1909f56bfc062723c751e8b465ee728b)  -> (artifact id: 'ec6717a1f548f95b89fdb204703f1d94') in 0.043977 seconds 
  Import took 0.050152 seconds .

========================================================================
Received Import Request.
  Time since last request: 0.000369 seconds.
  path: Assets/su-vgdc/source/Epic Game Hits SFX/Arcade Creature Hit Pop 5.wav
  artifactKey: Guid(56fcd0d3871574eeba610b7ce680192c) Importer(815301076,1909f56bfc062723c751e8b465ee728b)
Start importing Assets/su-vgdc/source/Epic Game Hits SFX/Arcade Creature Hit Pop 5.wav using Guid(56fcd0d3871574eeba610b7ce680192c) Importer(815301076,1909f56bfc062723c751e8b465ee728b)  -> (artifact id: 'ca844454ac01ae5b1f2a8ae0a3bb768b') in 0.041965 seconds 
  Import took 0.046816 seconds .

========================================================================
Received Import Request.
  Time since last request: 0.000345 seconds.
  path: Assets/su-vgdc/source/Epic Game Hits SFX/Hi Tech Game Pick Up.wav
  artifactKey: Guid(68378f764d6b3426fb75496eeb422abb) Importer(815301076,1909f56bfc062723c751e8b465ee728b)
Start importing Assets/su-vgdc/source/Epic Game Hits SFX/Hi Tech Game Pick Up.wav using Guid(68378f764d6b3426fb75496eeb422abb) Importer(815301076,1909f56bfc062723c751e8b465ee728b)  -> (artifact id: '8996d6ae72172a4aca4bbb8e695b76c9') in 0.042748 seconds 
  Import took 0.049170 seconds .

========================================================================
Received Import Request.
  Time since last request: 0.000369 seconds.
  path: Assets/su-vgdc/source/Epic Game Hits SFX/Mech Game Item hit 16.wav
  artifactKey: Guid(2feb4a903195d4f7bb4bf90918c0ae34) Importer(815301076,1909f56bfc062723c751e8b465ee728b)
Start importing Assets/su-vgdc/source/Epic Game Hits SFX/Mech Game Item hit 16.wav using Guid(2feb4a903195d4f7bb4bf90918c0ae34) Importer(815301076,1909f56bfc062723c751e8b465ee728b)  -> (artifact id: 'bd368ecabb60618a96febb39238d558c') in 0.037913 seconds 
  Import took 0.045713 seconds .

========================================================================
Received Import Request.
  Time since last request: 0.000436 seconds.
  path: Assets/su-vgdc/source/Epic Game Hits SFX/Candy Touch.wav
  artifactKey: Guid(930437b21a852410595bc9db5173b97c) Importer(815301076,1909f56bfc062723c751e8b465ee728b)
Start importing Assets/su-vgdc/source/Epic Game Hits SFX/Candy Touch.wav using Guid(930437b21a852410595bc9db5173b97c) Importer(815301076,1909f56bfc062723c751e8b465ee728b)  -> (artifact id: 'f88909c897805b01424cceeca612fdf2') in 0.041487 seconds 
  Import took 0.047820 seconds .

========================================================================
Received Import Request.
  Time since last request: 0.000460 seconds.
  path: Assets/su-vgdc/source/Epic Game Hits SFX/Arcade Creature Hit Pop 4.wav
  artifactKey: Guid(687950f8997e44d38848b27edf9af400) Importer(815301076,1909f56bfc062723c751e8b465ee728b)
Start importing Assets/su-vgdc/source/Epic Game Hits SFX/Arcade Creature Hit Pop 4.wav using Guid(687950f8997e44d38848b27edf9af400) Importer(815301076,1909f56bfc062723c751e8b465ee728b)  -> (artifact id: '8e01764c02531d5759d02ece13d70003') in 0.044919 seconds 
  Import took 0.054623 seconds .

========================================================================
Received Import Request.
  Time since last request: 0.000345 seconds.
  path: Assets/su-vgdc/source/Epic Game Hits SFX/Play Game Mech Hit 3.wav
  artifactKey: Guid(442236ed9689a411f93aa76b690d1e71) Importer(815301076,1909f56bfc062723c751e8b465ee728b)
Start importing Assets/su-vgdc/source/Epic Game Hits SFX/Play Game Mech Hit 3.wav using Guid(442236ed9689a411f93aa76b690d1e71) Importer(815301076,1909f56bfc062723c751e8b465ee728b)  -> (artifact id: 'b4227f8343f6a8a347e0eb885a60a067') in 0.046245 seconds 
  Import took 0.053094 seconds .

========================================================================
Received Import Request.
  Time since last request: 0.001122 seconds.
  path: Assets/su-vgdc/source/Epic Game Hits SFX/Mech Game Item hit 10.wav
  artifactKey: Guid(79a21b90a6b4a404f86f80a514660c51) Importer(815301076,1909f56bfc062723c751e8b465ee728b)
Start importing Assets/su-vgdc/source/Epic Game Hits SFX/Mech Game Item hit 10.wav using Guid(79a21b90a6b4a404f86f80a514660c51) Importer(815301076,1909f56bfc062723c751e8b465ee728b)  -> (artifact id: '42bf2912959048341d8733369f9d2aa2') in 0.043134 seconds 
  Import took 0.048223 seconds .

========================================================================
Received Import Request.
  Time since last request: 0.000998 seconds.
  path: Assets/su-vgdc/source/Epic Game Hits SFX/Play Game Mech Hit 4.wav
  artifactKey: Guid(6937cd5b5e4dc499f994890ed832259b) Importer(815301076,1909f56bfc062723c751e8b465ee728b)
Start importing Assets/su-vgdc/source/Epic Game Hits SFX/Play Game Mech Hit 4.wav using Guid(6937cd5b5e4dc499f994890ed832259b) Importer(815301076,1909f56bfc062723c751e8b465ee728b)  -> (artifact id: '54283003c423e75512ec80a7b841cdab') in 0.041627 seconds 
  Import took 0.047608 seconds .

========================================================================
Received Import Request.
  Time since last request: 0.000671 seconds.
  path: Assets/su-vgdc/source/Epic Game Hits SFX/Play Game Mech Hit 2.wav
  artifactKey: Guid(a3c97c218c73a499eae69f1ecad3fbbc) Importer(815301076,1909f56bfc062723c751e8b465ee728b)
Start importing Assets/su-vgdc/source/Epic Game Hits SFX/Play Game Mech Hit 2.wav using Guid(a3c97c218c73a499eae69f1ecad3fbbc) Importer(815301076,1909f56bfc062723c751e8b465ee728b)  -> (artifact id: '7f4a318a90c6daf356162831c6a193e3') in 0.040717 seconds 
  Import took 0.048296 seconds .

========================================================================
Received Import Request.
  Time since last request: 0.000422 seconds.
  path: Assets/su-vgdc/source/Epic Game Hits SFX/Play Game Mech Hit 5.wav
  artifactKey: Guid(ae458cd47a803493d8149cae1e489620) Importer(815301076,1909f56bfc062723c751e8b465ee728b)
Start importing Assets/su-vgdc/source/Epic Game Hits SFX/Play Game Mech Hit 5.wav using Guid(ae458cd47a803493d8149cae1e489620) Importer(815301076,1909f56bfc062723c751e8b465ee728b)  -> (artifact id: '0f931ebb8064a78bd9ad147d45e3e625') in 0.038060 seconds 
  Import took 0.043765 seconds .

========================================================================
Received Import Request.
  Time since last request: 0.000347 seconds.
  path: Assets/su-vgdc/source/Epic Game Hits SFX/Arcade Casino Mix Sound.wav
  artifactKey: Guid(3aa3ab3c3d5f24f4da6be38fa605a5e2) Importer(815301076,1909f56bfc062723c751e8b465ee728b)
Start importing Assets/su-vgdc/source/Epic Game Hits SFX/Arcade Casino Mix Sound.wav using Guid(3aa3ab3c3d5f24f4da6be38fa605a5e2) Importer(815301076,1909f56bfc062723c751e8b465ee728b)  -> (artifact id: '296ff84f9711a88377e13eefb29d9b9b') in 0.045597 seconds 
  Import took 0.050930 seconds .

========================================================================
Received Import Request.
  Time since last request: 0.000371 seconds.
  path: Assets/su-vgdc/source/Epic Game Hits SFX/Change Weapon.wav
  artifactKey: Guid(126a7914023294e2faf8108acc1e9a71) Importer(815301076,1909f56bfc062723c751e8b465ee728b)
Start importing Assets/su-vgdc/source/Epic Game Hits SFX/Change Weapon.wav using Guid(126a7914023294e2faf8108acc1e9a71) Importer(815301076,1909f56bfc062723c751e8b465ee728b)  -> (artifact id: '6a2746734b46431629b4db8b40388746') in 0.038655 seconds 
  Import took 0.044893 seconds .

========================================================================
Received Import Request.
  Time since last request: 0.000374 seconds.
  path: Assets/su-vgdc/source/Epic Game Hits SFX/Arcade Creature Hit Pop 1v2.wav
  artifactKey: Guid(c8e80709a04234524b8946846c5db217) Importer(815301076,1909f56bfc062723c751e8b465ee728b)
Start importing Assets/su-vgdc/source/Epic Game Hits SFX/Arcade Creature Hit Pop 1v2.wav using Guid(c8e80709a04234524b8946846c5db217) Importer(815301076,1909f56bfc062723c751e8b465ee728b)  -> (artifact id: '408a9668e032d6727e2b32c7951165aa') in 0.043491 seconds 
  Import took 0.050444 seconds .

========================================================================
Received Import Request.
  Time since last request: 0.000336 seconds.
  path: Assets/su-vgdc/source/Epic Game Hits SFX/Mech Game Item hit 1.wav
  artifactKey: Guid(ec8b674ec6c21450d9008ef9a5606d47) Importer(815301076,1909f56bfc062723c751e8b465ee728b)
Start importing Assets/su-vgdc/source/Epic Game Hits SFX/Mech Game Item hit 1.wav using Guid(ec8b674ec6c21450d9008ef9a5606d47) Importer(815301076,1909f56bfc062723c751e8b465ee728b)  -> (artifact id: '2b198b47b2b20bccb370c9cddbd63a46') in 0.038975 seconds 
  Import took 0.046630 seconds .

========================================================================
Received Import Request.
  Time since last request: 0.000520 seconds.
  path: Assets/su-vgdc/source/Epic Game Hits SFX/Play Game Mech Hit 1.wav
  artifactKey: Guid(7c5bed0ebc2824c6ab624dd1c3e4d320) Importer(815301076,1909f56bfc062723c751e8b465ee728b)
Start importing Assets/su-vgdc/source/Epic Game Hits SFX/Play Game Mech Hit 1.wav using Guid(7c5bed0ebc2824c6ab624dd1c3e4d320) Importer(815301076,1909f56bfc062723c751e8b465ee728b)  -> (artifact id: '720e91b41066075ceac58340b506e06f') in 0.045381 seconds 
  Import took 0.054573 seconds .

========================================================================
Received Import Request.
  Time since last request: 41.409890 seconds.
  path: Assets/su-vgdc/source/Epic Game Hits SFX/Play Game Mech Hit 6.wav
  artifactKey: Guid(6d50885b858cc4ab2988dff892c9135f) Importer(815301076,1909f56bfc062723c751e8b465ee728b)
Start importing Assets/su-vgdc/source/Epic Game Hits SFX/Play Game Mech Hit 6.wav using Guid(6d50885b858cc4ab2988dff892c9135f) Importer(815301076,1909f56bfc062723c751e8b465ee728b)  -> (artifact id: '166fce3c7cacda33f3cc405598de5b6d') in 0.038980 seconds 
  Import took 0.045188 seconds .

========================================================================
Received Import Request.
  Time since last request: 0.006866 seconds.
  path: Assets/su-vgdc/source/Epic Game Hits SFX/Play Game Mech Hit 7.wav
  artifactKey: Guid(28078bb98948447a5a0756690bca1e1a) Importer(815301076,1909f56bfc062723c751e8b465ee728b)
Start importing Assets/su-vgdc/source/Epic Game Hits SFX/Play Game Mech Hit 7.wav using Guid(28078bb98948447a5a0756690bca1e1a) Importer(815301076,1909f56bfc062723c751e8b465ee728b)  -> (artifact id: '353fd2b7407e1ccfe00dfe809fc58cc7') in 0.051247 seconds 
  Import took 0.057792 seconds .

========================================================================
Received Import Request.
  Time since last request: 0.000582 seconds.
  path: Assets/su-vgdc/source/Epic Game Hits SFX/Play Game Mech Hit 8.wav
  artifactKey: Guid(0f1ebbbb6cadd4a249e74f07289c1578) Importer(815301076,1909f56bfc062723c751e8b465ee728b)
Start importing Assets/su-vgdc/source/Epic Game Hits SFX/Play Game Mech Hit 8.wav using Guid(0f1ebbbb6cadd4a249e74f07289c1578) Importer(815301076,1909f56bfc062723c751e8b465ee728b)  -> (artifact id: '22e6de35eb0b83a4f27869e69b3c3d69') in 0.045559 seconds 
  Import took 0.052172 seconds .

========================================================================
Received Import Request.
  Time since last request: 0.000776 seconds.
  path: Assets/su-vgdc/source/Epic Game Hits SFX/Play Game Mech Hit 9.wav
  artifactKey: Guid(cc88f3bca5cb948e79ed39280d25cef5) Importer(815301076,1909f56bfc062723c751e8b465ee728b)
Start importing Assets/su-vgdc/source/Epic Game Hits SFX/Play Game Mech Hit 9.wav using Guid(cc88f3bca5cb948e79ed39280d25cef5) Importer(815301076,1909f56bfc062723c751e8b465ee728b)  -> (artifact id: '8e21ebe209ee14a02a57c671df94fc81') in 0.036853 seconds 
  Import took 0.043100 seconds .

========================================================================
Received Import Request.
  Time since last request: 0.000572 seconds.
  path: Assets/su-vgdc/source/Epic Game Hits SFX/Play Game Mech Hit 10.wav
  artifactKey: Guid(18630f0d55fa44ed8896189fca2fb705) Importer(815301076,1909f56bfc062723c751e8b465ee728b)
Start importing Assets/su-vgdc/source/Epic Game Hits SFX/Play Game Mech Hit 10.wav using Guid(18630f0d55fa44ed8896189fca2fb705) Importer(815301076,1909f56bfc062723c751e8b465ee728b)  -> (artifact id: 'd5fa0ed465e2b8e82bcda9cec3d2993c') in 0.038850 seconds 
  Import took 0.044223 seconds .

========================================================================
Received Import Request.
  Time since last request: 0.000619 seconds.
  path: Assets/su-vgdc/source/Epic Game Hits SFX/Quick Game Item Pick Up.wav
  artifactKey: Guid(ad47ef8d0f4cc4ac4b3ef60e28a527b2) Importer(815301076,1909f56bfc062723c751e8b465ee728b)
Start importing Assets/su-vgdc/source/Epic Game Hits SFX/Quick Game Item Pick Up.wav using Guid(ad47ef8d0f4cc4ac4b3ef60e28a527b2) Importer(815301076,1909f56bfc062723c751e8b465ee728b)  -> (artifact id: 'e60c43f2cc2ecc0bf4e8f05ef62002c3') in 0.038462 seconds 
  Import took 0.043798 seconds .

========================================================================
Received Import Request.
  Time since last request: 0.410930 seconds.
  path: Assets/su-vgdc/source/Epic Game Hits SFX/Quick Magic Game Item Pick Up.wav
  artifactKey: Guid(560b59f7bba57425da9d11fb4794b676) Importer(815301076,1909f56bfc062723c751e8b465ee728b)
Start importing Assets/su-vgdc/source/Epic Game Hits SFX/Quick Magic Game Item Pick Up.wav using Guid(560b59f7bba57425da9d11fb4794b676) Importer(815301076,1909f56bfc062723c751e8b465ee728b)  -> (artifact id: '98370be28a86386364cc15c3f2dab6c7') in 0.043245 seconds 
  Import took 0.049125 seconds .

========================================================================
Received Import Request.
  Time since last request: 0.040808 seconds.
  path: Assets/su-vgdc/source/Epic Game Hits SFX/Random Game Sound 2.wav
  artifactKey: Guid(21ed69872559a489dbeee5f83b3ba243) Importer(815301076,1909f56bfc062723c751e8b465ee728b)
Start importing Assets/su-vgdc/source/Epic Game Hits SFX/Random Game Sound 2.wav using Guid(21ed69872559a489dbeee5f83b3ba243) Importer(815301076,1909f56bfc062723c751e8b465ee728b)  -> (artifact id: 'd3032ada0cc57cfb0cb2af5fa8dc4b72') in 0.039631 seconds 
  Import took 0.047691 seconds .

========================================================================
Received Import Request.
  Time since last request: 0.065948 seconds.
  path: Assets/su-vgdc/source/Epic Game Hits SFX/Random Game Sound 3.wav
  artifactKey: Guid(bb7768bce84614731a9d7c4ecab9e684) Importer(815301076,1909f56bfc062723c751e8b465ee728b)
Start importing Assets/su-vgdc/source/Epic Game Hits SFX/Random Game Sound 3.wav using Guid(bb7768bce84614731a9d7c4ecab9e684) Importer(815301076,1909f56bfc062723c751e8b465ee728b)  -> (artifact id: 'e30dada0d804e04ced3cd91353bbf3e1') in 0.035295 seconds 
  Import took 0.042249 seconds .

========================================================================
Received Import Request.
  Time since last request: 1.080526 seconds.
  path: Assets/su-vgdc/source/Epic Game Hits SFX/Random Game Sound.wav
  artifactKey: Guid(36a64e44f82a445a7b8b7ae29a6be5d1) Importer(815301076,1909f56bfc062723c751e8b465ee728b)
Start importing Assets/su-vgdc/source/Epic Game Hits SFX/Random Game Sound.wav using Guid(36a64e44f82a445a7b8b7ae29a6be5d1) Importer(815301076,1909f56bfc062723c751e8b465ee728b)  -> (artifact id: 'c0fa466de3a41a13a8ff0a8af6f15d03') in 0.039916 seconds 
  Import took 0.048238 seconds .

========================================================================
Received Import Request.
  Time since last request: 35.039568 seconds.
  path: Assets/su-vgdc/source/Epic Game Hits SFX/Recharge Energy or Skill UI Sound 1.wav
  artifactKey: Guid(fd7aa363a188d47858202c3344e3fd2c) Importer(815301076,1909f56bfc062723c751e8b465ee728b)
Start importing Assets/su-vgdc/source/Epic Game Hits SFX/Recharge Energy or Skill UI Sound 1.wav using Guid(fd7aa363a188d47858202c3344e3fd2c) Importer(815301076,1909f56bfc062723c751e8b465ee728b)  -> (artifact id: 'bc031511ee327fe32236abf8c762a549') in 0.040496 seconds 
  Import took 0.046374 seconds .

========================================================================
Received Import Request.
  Time since last request: 0.077748 seconds.
  path: Assets/su-vgdc/source/Epic Game Hits SFX/Recharge Energy or Skill UI Sound 2.wav
  artifactKey: Guid(2db033a45ffa44b1e8e05ec8169e1838) Importer(815301076,1909f56bfc062723c751e8b465ee728b)
Start importing Assets/su-vgdc/source/Epic Game Hits SFX/Recharge Energy or Skill UI Sound 2.wav using Guid(2db033a45ffa44b1e8e05ec8169e1838) Importer(815301076,1909f56bfc062723c751e8b465ee728b)  -> (artifact id: 'a76457a8d870cd55930377cb6ee7475d') in 0.039291 seconds 
  Import took 0.045079 seconds .

========================================================================
Received Import Request.
  Time since last request: 0.000834 seconds.
  path: Assets/su-vgdc/source/Epic Game Hits SFX/Recharge Energy or Skill UI Sound 3.wav
  artifactKey: Guid(2fafc0a0572094916b47ba98081760ea) Importer(815301076,1909f56bfc062723c751e8b465ee728b)
Start importing Assets/su-vgdc/source/Epic Game Hits SFX/Recharge Energy or Skill UI Sound 3.wav using Guid(2fafc0a0572094916b47ba98081760ea) Importer(815301076,1909f56bfc062723c751e8b465ee728b)  -> (artifact id: '29ebec2c9fac4b091edbb98621d038bd') in 0.045846 seconds 
  Import took 0.051624 seconds .

========================================================================
Received Import Request.
  Time since last request: 0.000689 seconds.
  path: Assets/su-vgdc/source/Epic Game Hits SFX/Recharge Energy or Skill UI Sound 4.wav
  artifactKey: Guid(ef20e0c97d6a04ed9b2ef1350c7ea03c) Importer(815301076,1909f56bfc062723c751e8b465ee728b)
Start importing Assets/su-vgdc/source/Epic Game Hits SFX/Recharge Energy or Skill UI Sound 4.wav using Guid(ef20e0c97d6a04ed9b2ef1350c7ea03c) Importer(815301076,1909f56bfc062723c751e8b465ee728b)  -> (artifact id: '387089f2faa599ede1912ce4482f5f96') in 0.043974 seconds 
  Import took 0.050057 seconds .

========================================================================
Received Import Request.
  Time since last request: 0.044089 seconds.
  path: Assets/su-vgdc/source/Epic Game Hits SFX/Recharge Energy or Skill UI Sound 5.wav
  artifactKey: Guid(e96c2938af2dd42b0ae7d2e3a765f598) Importer(815301076,1909f56bfc062723c751e8b465ee728b)
Start importing Assets/su-vgdc/source/Epic Game Hits SFX/Recharge Energy or Skill UI Sound 5.wav using Guid(e96c2938af2dd42b0ae7d2e3a765f598) Importer(815301076,1909f56bfc062723c751e8b465ee728b)  -> (artifact id: '6dfba414e1dd89cf0913592cce8dc4d3') in 0.036443 seconds 
  Import took 0.041698 seconds .

========================================================================
Received Import Request.
  Time since last request: 6.201641 seconds.
  path: Assets/su-vgdc/source/Epic Game Hits SFX/Recharge Energy or Skill UI Sound 6.wav
  artifactKey: Guid(72ba85c415ad5437fa0a559a4ad9f36a) Importer(815301076,1909f56bfc062723c751e8b465ee728b)
Start importing Assets/su-vgdc/source/Epic Game Hits SFX/Recharge Energy or Skill UI Sound 6.wav using Guid(72ba85c415ad5437fa0a559a4ad9f36a) Importer(815301076,1909f56bfc062723c751e8b465ee728b)  -> (artifact id: '582c949a1dcc4f51b341667dcc02f5f6') in 0.047391 seconds 
  Import took 0.055232 seconds .

========================================================================
Received Import Request.
  Time since last request: 0.000669 seconds.
  path: Assets/su-vgdc/source/Epic Game Hits SFX/Recharge Energy or Skill UI Sound 7.wav
  artifactKey: Guid(8ab1140fd9a9540e49bc349f4a53780e) Importer(815301076,1909f56bfc062723c751e8b465ee728b)
Start importing Assets/su-vgdc/source/Epic Game Hits SFX/Recharge Energy or Skill UI Sound 7.wav using Guid(8ab1140fd9a9540e49bc349f4a53780e) Importer(815301076,1909f56bfc062723c751e8b465ee728b)  -> (artifact id: 'f01ccc7197c9fc1582a6775555c3009a') in 0.042153 seconds 
  Import took 0.050478 seconds .

========================================================================
Received Import Request.
  Time since last request: 0.000522 seconds.
  path: Assets/su-vgdc/source/Epic Game Hits SFX/Recharge Energy or Skill UI Sound 10.wav
  artifactKey: Guid(652a2ddd108c74d9ca6f443a1bc21e8b) Importer(815301076,1909f56bfc062723c751e8b465ee728b)
Start importing Assets/su-vgdc/source/Epic Game Hits SFX/Recharge Energy or Skill UI Sound 10.wav using Guid(652a2ddd108c74d9ca6f443a1bc21e8b) Importer(815301076,1909f56bfc062723c751e8b465ee728b)  -> (artifact id: 'c4988accafb81b0354aebd18f5d5cd23') in 0.044955 seconds 
  Import took 0.051895 seconds .

========================================================================
Received Import Request.
  Time since last request: 0.000500 seconds.
  path: Assets/su-vgdc/source/Epic Game Hits SFX/Recharge Energy or Skill UI Sound 9.wav
  artifactKey: Guid(de6aeddb90537408a9a929daad5031bd) Importer(815301076,1909f56bfc062723c751e8b465ee728b)
Start importing Assets/su-vgdc/source/Epic Game Hits SFX/Recharge Energy or Skill UI Sound 9.wav using Guid(de6aeddb90537408a9a929daad5031bd) Importer(815301076,1909f56bfc062723c751e8b465ee728b)  -> (artifact id: 'efa766966dfd4ae4814b3e5950fa21a9') in 0.040420 seconds 
  Import took 0.048881 seconds .

========================================================================
Received Import Request.
  Time since last request: 0.000539 seconds.
  path: Assets/su-vgdc/source/Epic Game Hits SFX/Recharge Energy or Skill UI Sound 11.wav
  artifactKey: Guid(77ea6813eafb24218955eb3a26fe40fb) Importer(815301076,1909f56bfc062723c751e8b465ee728b)
Start importing Assets/su-vgdc/source/Epic Game Hits SFX/Recharge Energy or Skill UI Sound 11.wav using Guid(77ea6813eafb24218955eb3a26fe40fb) Importer(815301076,1909f56bfc062723c751e8b465ee728b)  -> (artifact id: 'c45265e276d7db26df8b245cb701b37c') in 0.038499 seconds 
  Import took 0.045246 seconds .

========================================================================
Received Import Request.
  Time since last request: 0.000558 seconds.
  path: Assets/su-vgdc/source/Epic Game Hits SFX/Recharge Energy3.wav
  artifactKey: Guid(8ecf78a942a6442889efd53fe4b371d5) Importer(815301076,1909f56bfc062723c751e8b465ee728b)
Start importing Assets/su-vgdc/source/Epic Game Hits SFX/Recharge Energy3.wav using Guid(8ecf78a942a6442889efd53fe4b371d5) Importer(815301076,1909f56bfc062723c751e8b465ee728b)  -> (artifact id: '35f1121cca5556928f3787852dfa0621') in 0.038297 seconds 
  Import took 0.043830 seconds .

========================================================================
Received Import Request.
  Time since last request: 0.000363 seconds.
  path: Assets/su-vgdc/source/Epic Game Hits SFX/Robot Servo UI.wav
  artifactKey: Guid(0b03e8b58b9f64381bfc412fd721453e) Importer(815301076,1909f56bfc062723c751e8b465ee728b)
Start importing Assets/su-vgdc/source/Epic Game Hits SFX/Robot Servo UI.wav using Guid(0b03e8b58b9f64381bfc412fd721453e) Importer(815301076,1909f56bfc062723c751e8b465ee728b)  -> (artifact id: 'f12451ac81602710744bbf55b2ee2c41') in 0.036579 seconds 
  Import took 0.042256 seconds .

========================================================================
Received Import Request.
  Time since last request: 0.000414 seconds.
  path: Assets/su-vgdc/source/Epic Game Hits SFX/Repair vehicle.wav
  artifactKey: Guid(29f1578b1dd644bc68d3b0e95fc5fefe) Importer(815301076,1909f56bfc062723c751e8b465ee728b)
Start importing Assets/su-vgdc/source/Epic Game Hits SFX/Repair vehicle.wav using Guid(29f1578b1dd644bc68d3b0e95fc5fefe) Importer(815301076,1909f56bfc062723c751e8b465ee728b)  -> (artifact id: 'c1031397a5a4acd7d9eb257169c6ab42') in 0.034200 seconds 
  Import took 0.039730 seconds .

========================================================================
Received Import Request.
  Time since last request: 0.000336 seconds.
  path: Assets/su-vgdc/source/Epic Game Hits SFX/Recharge Energy1.wav
  artifactKey: Guid(806b3206fbe14478a85da553f4920da2) Importer(815301076,1909f56bfc062723c751e8b465ee728b)
Start importing Assets/su-vgdc/source/Epic Game Hits SFX/Recharge Energy1.wav using Guid(806b3206fbe14478a85da553f4920da2) Importer(815301076,1909f56bfc062723c751e8b465ee728b)  -> (artifact id: 'f128f815b21bab3ffbfef2bcb62fdf24') in 0.036567 seconds 
  Import took 0.042553 seconds .

========================================================================
Received Import Request.
  Time since last request: 0.000423 seconds.
  path: Assets/su-vgdc/source/Epic Game Hits SFX/Recharge Energy or Skill UI Sound 8.wav
  artifactKey: Guid(84526fd995a20401fa0c0fccf653c5e2) Importer(815301076,1909f56bfc062723c751e8b465ee728b)
Start importing Assets/su-vgdc/source/Epic Game Hits SFX/Recharge Energy or Skill UI Sound 8.wav using Guid(84526fd995a20401fa0c0fccf653c5e2) Importer(815301076,1909f56bfc062723c751e8b465ee728b)  -> (artifact id: 'c3fb64807c71b1d5a1643799fcffa5dc') in 0.044355 seconds 
  Import took 0.049657 seconds .

========================================================================
Received Import Request.
  Time since last request: 0.000457 seconds.
  path: Assets/su-vgdc/source/Epic Game Hits SFX/Recharge Energy2.wav
  artifactKey: Guid(104d3de4bc4804e89a6bdeb489998ae6) Importer(815301076,1909f56bfc062723c751e8b465ee728b)
Start importing Assets/su-vgdc/source/Epic Game Hits SFX/Recharge Energy2.wav using Guid(104d3de4bc4804e89a6bdeb489998ae6) Importer(815301076,1909f56bfc062723c751e8b465ee728b)  -> (artifact id: 'de5c327f41c151963575b8ebe4bfe813') in 0.037024 seconds 
  Import took 0.041804 seconds .

========================================================================
Received Import Request.
  Time since last request: 0.401904 seconds.
  path: Assets/su-vgdc/source/Epic Game Hits SFX/Simulate TrophyOnWinner Impact.wav
  artifactKey: Guid(20cb9da9b1e674c2dadbeff749c8fc14) Importer(815301076,1909f56bfc062723c751e8b465ee728b)
Start importing Assets/su-vgdc/source/Epic Game Hits SFX/Simulate TrophyOnWinner Impact.wav using Guid(20cb9da9b1e674c2dadbeff749c8fc14) Importer(815301076,1909f56bfc062723c751e8b465ee728b)  -> (artifact id: '21deaf257c99d7bc33b93d663d0e83f0') in 0.044066 seconds 
  Import took 0.050141 seconds .

========================================================================
Received Import Request.
  Time since last request: 0.000615 seconds.
  path: Assets/su-vgdc/source/Epic Game Hits SFX/Tribal Jungle Game Item Pick Up.wav
  artifactKey: Guid(7c42dc7b6ca7c455d81e87276ceb903b) Importer(815301076,1909f56bfc062723c751e8b465ee728b)
Start importing Assets/su-vgdc/source/Epic Game Hits SFX/Tribal Jungle Game Item Pick Up.wav using Guid(7c42dc7b6ca7c455d81e87276ceb903b) Importer(815301076,1909f56bfc062723c751e8b465ee728b)  -> (artifact id: '7aadb01a3c765da9eb4c2714b0a00173') in 0.048050 seconds 
  Import took 0.056510 seconds .

========================================================================
Received Import Request.
  Time since last request: 0.000475 seconds.
  path: Assets/su-vgdc/source/Epic Game Hits SFX/Sweet Tech Game Item Pick Up Sound.wav
  artifactKey: Guid(19cb450886b924bb7bb0946c18df05f2) Importer(815301076,1909f56bfc062723c751e8b465ee728b)
Start importing Assets/su-vgdc/source/Epic Game Hits SFX/Sweet Tech Game Item Pick Up Sound.wav using Guid(19cb450886b924bb7bb0946c18df05f2) Importer(815301076,1909f56bfc062723c751e8b465ee728b)  -> (artifact id: '1b95f8b7cf9a94c9b53a372210104f8e') in 0.042947 seconds 
  Import took 0.048127 seconds .

========================================================================
Received Import Request.
  Time since last request: 0.000570 seconds.
  path: Assets/su-vgdc/source/Epic Game Hits SFX/UI Hits Game 1.wav
  artifactKey: Guid(19e11c8cc39c64095b9945f6492fd1d9) Importer(815301076,1909f56bfc062723c751e8b465ee728b)
Start importing Assets/su-vgdc/source/Epic Game Hits SFX/UI Hits Game 1.wav using Guid(19e11c8cc39c64095b9945f6492fd1d9) Importer(815301076,1909f56bfc062723c751e8b465ee728b)  -> (artifact id: 'a7d396e527a812b5d9fb9405114d33f0') in 0.039601 seconds 
  Import took 0.044954 seconds .

========================================================================
Received Import Request.
  Time since last request: 0.681387 seconds.
  path: Assets/su-vgdc/source/Epic Game Hits SFX/UI Hits Game 2.wav
  artifactKey: Guid(3ae90d98e85794790ade60545c231868) Importer(815301076,1909f56bfc062723c751e8b465ee728b)
Start importing Assets/su-vgdc/source/Epic Game Hits SFX/UI Hits Game 2.wav using Guid(3ae90d98e85794790ade60545c231868) Importer(815301076,1909f56bfc062723c751e8b465ee728b)  -> (artifact id: '39b08f92dc2cbdf567574a87c26c5d4f') in 0.035595 seconds 
  Import took 0.041490 seconds .

========================================================================
Received Import Request.
  Time since last request: 0.052143 seconds.
  path: Assets/su-vgdc/source/Epic Game Hits SFX/UI Hits Game 3.wav
  artifactKey: Guid(5dd35847d8fb047d3ae0bc9a78fe6a46) Importer(815301076,1909f56bfc062723c751e8b465ee728b)
Start importing Assets/su-vgdc/source/Epic Game Hits SFX/UI Hits Game 3.wav using Guid(5dd35847d8fb047d3ae0bc9a78fe6a46) Importer(815301076,1909f56bfc062723c751e8b465ee728b)  -> (artifact id: '109c22d0289a2297b3d908bd8b2b70b6') in 0.039992 seconds 
  Import took 0.047237 seconds .

========================================================================
Received Import Request.
  Time since last request: 0.000327 seconds.
  path: Assets/su-vgdc/source/Epic Game Hits SFX/UI Hits Game 4.wav
  artifactKey: Guid(2cb82883501014552993fdb5a327af24) Importer(815301076,1909f56bfc062723c751e8b465ee728b)
Start importing Assets/su-vgdc/source/Epic Game Hits SFX/UI Hits Game 4.wav using Guid(2cb82883501014552993fdb5a327af24) Importer(815301076,1909f56bfc062723c751e8b465ee728b)  -> (artifact id: '7224224b755a6ccb6a8d55edfe384cd8') in 0.037461 seconds 
  Import took 0.042997 seconds .

========================================================================
Received Import Request.
  Time since last request: 0.000751 seconds.
  path: Assets/su-vgdc/source/Epic Game Hits SFX/UI Hits Game3.wav
  artifactKey: Guid(1219e8aa13fb04f538c35b8d080bbc0a) Importer(815301076,1909f56bfc062723c751e8b465ee728b)
Start importing Assets/su-vgdc/source/Epic Game Hits SFX/UI Hits Game3.wav using Guid(1219e8aa13fb04f538c35b8d080bbc0a) Importer(815301076,1909f56bfc062723c751e8b465ee728b)  -> (artifact id: 'b1b2afd44bf054245746fee215b88819') in 0.039102 seconds 
  Import took 0.045005 seconds .

========================================================================
Received Import Request.
  Time since last request: 0.000736 seconds.
  path: Assets/su-vgdc/source/Epic Game Hits SFX/UI Hits Game4.wav
  artifactKey: Guid(fe79a296241334099b9622427a36a916) Importer(815301076,1909f56bfc062723c751e8b465ee728b)
Start importing Assets/su-vgdc/source/Epic Game Hits SFX/UI Hits Game4.wav using Guid(fe79a296241334099b9622427a36a916) Importer(815301076,1909f56bfc062723c751e8b465ee728b)  -> (artifact id: 'c0fb0caf5dc5dcddd6835fc50b7ef466') in 0.042312 seconds 
  Import took 0.049802 seconds .

========================================================================
Received Import Request.
  Time since last request: 28.088773 seconds.
  path: Assets/su-vgdc/source/Epic Game Hits SFX/Wooden Game Item Hit.wav
  artifactKey: Guid(5da85ce3a68a74105b8298eb64c11e73) Importer(815301076,1909f56bfc062723c751e8b465ee728b)
Start importing Assets/su-vgdc/source/Epic Game Hits SFX/Wooden Game Item Hit.wav using Guid(5da85ce3a68a74105b8298eb64c11e73) Importer(815301076,1909f56bfc062723c751e8b465ee728b)  -> (artifact id: '3f31218e859d49e9b98658934f816244') in 0.044672 seconds 
  Import took 0.051407 seconds .

========================================================================
Received Prepare
Registering precompiled user dll's ...
Registered in 0.035736 seconds.
Begin MonoManager ReloadAssembly
Native extension for WindowsStandalone target not found
Native extension for WebGL target not found
Refreshing native plugins compatible for Editor in 1.22 ms, found 2 plugins.
Preloading 0 native plugins for Editor in 0.00 ms.
Mono: successfully reloaded assembly
- Completed reload, in  3.890 seconds
Domain Reload Profiling:
	ReloadAssembly (3891ms)
		BeginReloadAssembly (486ms)
			ExecutionOrderSort (0ms)
			DisableScriptedObjects (14ms)
			BackupInstance (0ms)
			ReleaseScriptingObjects (0ms)
			CreateAndSetChildDomain (92ms)
		EndReloadAssembly (3150ms)
			LoadAssemblies (547ms)
			RebuildTransferFunctionScriptingTraits (0ms)
			SetupTypeCache (1186ms)
			ReleaseScriptCaches (2ms)
			RebuildScriptCaches (158ms)
			SetupLoadedEditorAssemblies (979ms)
				LogAssemblyErrors (0ms)
				InitializePlatformSupportModulesInManaged (18ms)
				SetLoadedEditorAssemblies (2ms)
				RefreshPlugins (1ms)
				BeforeProcessingInitializeOnLoad (340ms)
				ProcessInitializeOnLoadAttributes (571ms)
				ProcessInitializeOnLoadMethodAttributes (26ms)
				AfterProcessingInitializeOnLoad (20ms)
				EditorAssembliesLoaded (1ms)
			ExecutionOrderSort2 (0ms)
			AwakeInstancesAfterBackupRestoration (21ms)
Platform modules already initialized, skipping
Refreshing native plugins compatible for Editor in 0.59 ms, found 2 plugins.
Preloading 0 native plugins for Editor in 0.00 ms.
Unloading 1497 Unused Serialized files (Serialized files now loaded: 0)
System memory in use before: 85.6 MB.
System memory in use after: 85.8 MB.

Unloading 14 unused Assets to reduce memory usage. Loaded Objects now: 1993.
Total: 6.384900 ms (FindLiveObjects: 0.266100 ms CreateObjectMapping: 0.110800 ms MarkObjects: 5.975000 ms  DeleteObjects: 0.030600 ms)

AssetImportParameters requested are different than current active one (requested -> active):
  custom:framework-win-MediaFoundation: 216162199b28c13a410421893ffa2e32 -> 
  custom:video-decoder-ogg-theora: a1e56fd34408186e4bbccfd4996cb3dc -> 
  custom:container-muxer-webm: aa71ff27fc2769a1b78a27578f13a17b -> 
  custom:container-demuxer-webm: 4f35f7cbe854078d1ac9338744f61a02 -> 
  custom:container-demuxer-ogg: 62fdf1f143b41e24485cea50d1cbac27 -> 
  custom:video-encoder-webm-vp8: eb34c28f22e8b96e1ab97ce403110664 -> 
  custom:video-codec-MediaFoundation-h265: 746d11721c4dcdbdad8f713fa42b33f4 -> 
  custom:video-decoder-webm-vp8: 9c59270c3fd7afecdb556c50c9e8de78 -> 
  custom:audio-decoder-ogg-vorbis: bf7c407c2cedff20999df2af8eb42d56 -> 
  custom:audio-encoder-webm-vorbis: bf7c407c2cedff20999df2af8eb42d56 -> 
========================================================================
Received Prepare
Registering precompiled user dll's ...
Registered in 0.031967 seconds.
Begin MonoManager ReloadAssembly
Native extension for WindowsStandalone target not found
Native extension for WebGL target not found
Refreshing native plugins compatible for Editor in 0.72 ms, found 2 plugins.
Preloading 0 native plugins for Editor in 0.00 ms.
Mono: successfully reloaded assembly
- Completed reload, in  2.803 seconds
Domain Reload Profiling:
	ReloadAssembly (2804ms)
		BeginReloadAssembly (434ms)
			ExecutionOrderSort (0ms)
			DisableScriptedObjects (17ms)
			BackupInstance (0ms)
			ReleaseScriptingObjects (0ms)
			CreateAndSetChildDomain (96ms)
		EndReloadAssembly (2165ms)
			LoadAssemblies (430ms)
			RebuildTransferFunctionScriptingTraits (0ms)
			SetupTypeCache (809ms)
			ReleaseScriptCaches (2ms)
			RebuildScriptCaches (89ms)
			SetupLoadedEditorAssemblies (741ms)
				LogAssemblyErrors (0ms)
				InitializePlatformSupportModulesInManaged (17ms)
				SetLoadedEditorAssemblies (1ms)
				RefreshPlugins (1ms)
				BeforeProcessingInitializeOnLoad (193ms)
				ProcessInitializeOnLoadAttributes (492ms)
				ProcessInitializeOnLoadMethodAttributes (19ms)
				AfterProcessingInitializeOnLoad (17ms)
				EditorAssembliesLoaded (1ms)
			ExecutionOrderSort2 (0ms)
			AwakeInstancesAfterBackupRestoration (18ms)
Platform modules already initialized, skipping
Refreshing native plugins compatible for Editor in 0.53 ms, found 2 plugins.
Preloading 0 native plugins for Editor in 0.00 ms.
Unloading 1497 Unused Serialized files (Serialized files now loaded: 0)
System memory in use before: 85.6 MB.
System memory in use after: 85.8 MB.

Unloading 14 unused Assets to reduce memory usage. Loaded Objects now: 1995.
Total: 7.676000 ms (FindLiveObjects: 0.215700 ms CreateObjectMapping: 0.102800 ms MarkObjects: 7.309100 ms  DeleteObjects: 0.045300 ms)

AssetImportParameters requested are different than current active one (requested -> active):
  custom:framework-win-MediaFoundation: 216162199b28c13a410421893ffa2e32 -> 
  custom:video-decoder-ogg-theora: a1e56fd34408186e4bbccfd4996cb3dc -> 
  custom:container-muxer-webm: aa71ff27fc2769a1b78a27578f13a17b -> 
  custom:container-demuxer-webm: 4f35f7cbe854078d1ac9338744f61a02 -> 
  custom:container-demuxer-ogg: 62fdf1f143b41e24485cea50d1cbac27 -> 
  custom:video-encoder-webm-vp8: eb34c28f22e8b96e1ab97ce403110664 -> 
  custom:video-codec-MediaFoundation-h265: 746d11721c4dcdbdad8f713fa42b33f4 -> 
  custom:video-decoder-webm-vp8: 9c59270c3fd7afecdb556c50c9e8de78 -> 
  custom:audio-decoder-ogg-vorbis: bf7c407c2cedff20999df2af8eb42d56 -> 
  custom:audio-encoder-webm-vorbis: bf7c407c2cedff20999df2af8eb42d56 -> 
========================================================================
Received Prepare
Registering precompiled user dll's ...
Registered in 0.040589 seconds.
Begin MonoManager ReloadAssembly
Native extension for WindowsStandalone target not found
Native extension for WebGL target not found
Refreshing native plugins compatible for Editor in 0.61 ms, found 2 plugins.
Preloading 0 native plugins for Editor in 0.00 ms.
Mono: successfully reloaded assembly
- Completed reload, in  3.054 seconds
Domain Reload Profiling:
	ReloadAssembly (3056ms)
		BeginReloadAssembly (496ms)
			ExecutionOrderSort (0ms)
			DisableScriptedObjects (11ms)
			BackupInstance (0ms)
			ReleaseScriptingObjects (0ms)
			CreateAndSetChildDomain (133ms)
		EndReloadAssembly (2386ms)
			LoadAssemblies (442ms)
			RebuildTransferFunctionScriptingTraits (0ms)
			SetupTypeCache (974ms)
			ReleaseScriptCaches (2ms)
			RebuildScriptCaches (137ms)
			SetupLoadedEditorAssemblies (743ms)
				LogAssemblyErrors (0ms)
				InitializePlatformSupportModulesInManaged (12ms)
				SetLoadedEditorAssemblies (1ms)
				RefreshPlugins (1ms)
				BeforeProcessingInitializeOnLoad (213ms)
				ProcessInitializeOnLoadAttributes (472ms)
				ProcessInitializeOnLoadMethodAttributes (21ms)
				AfterProcessingInitializeOnLoad (23ms)
				EditorAssembliesLoaded (1ms)
			ExecutionOrderSort2 (0ms)
			AwakeInstancesAfterBackupRestoration (17ms)
Platform modules already initialized, skipping
Refreshing native plugins compatible for Editor in 1.74 ms, found 2 plugins.
Preloading 0 native plugins for Editor in 0.00 ms.
Unloading 1497 Unused Serialized files (Serialized files now loaded: 0)
System memory in use before: 85.7 MB.
System memory in use after: 85.8 MB.

Unloading 14 unused Assets to reduce memory usage. Loaded Objects now: 1997.
Total: 5.717400 ms (FindLiveObjects: 0.338700 ms CreateObjectMapping: 0.141700 ms MarkObjects: 5.192000 ms  DeleteObjects: 0.042000 ms)

AssetImportParameters requested are different than current active one (requested -> active):
  custom:framework-win-MediaFoundation: 216162199b28c13a410421893ffa2e32 -> 
  custom:video-decoder-ogg-theora: a1e56fd34408186e4bbccfd4996cb3dc -> 
  custom:container-muxer-webm: aa71ff27fc2769a1b78a27578f13a17b -> 
  custom:container-demuxer-webm: 4f35f7cbe854078d1ac9338744f61a02 -> 
  custom:container-demuxer-ogg: 62fdf1f143b41e24485cea50d1cbac27 -> 
  custom:video-encoder-webm-vp8: eb34c28f22e8b96e1ab97ce403110664 -> 
  custom:video-codec-MediaFoundation-h265: 746d11721c4dcdbdad8f713fa42b33f4 -> 
  custom:video-decoder-webm-vp8: 9c59270c3fd7afecdb556c50c9e8de78 -> 
  custom:audio-decoder-ogg-vorbis: bf7c407c2cedff20999df2af8eb42d56 -> 
  custom:audio-encoder-webm-vorbis: bf7c407c2cedff20999df2af8eb42d56 -> 
========================================================================
Received Import Request.
  Time since last request: 9574.906612 seconds.
  path: Assets/Timeline.playable
  artifactKey: Guid(a360a3575ace4ce49b14d95c76652cc1) Importer(815301076,1909f56bfc062723c751e8b465ee728b)
Start importing Assets/Timeline.playable using Guid(a360a3575ace4ce49b14d95c76652cc1) Importer(815301076,1909f56bfc062723c751e8b465ee728b)  -> (artifact id: '614b025c06ea7b43be2b8f25556fc181') in 0.252515 seconds 
  Import took 0.333162 seconds .

========================================================================
Received Import Request.
  Time since last request: 1.004004 seconds.
  path: Assets/CharacterTimeline.unity
  artifactKey: Guid(f3202485177849945bd2e84a21b3aaa0) Importer(815301076,1909f56bfc062723c751e8b465ee728b)
Start importing Assets/CharacterTimeline.unity using Guid(f3202485177849945bd2e84a21b3aaa0) Importer(815301076,1909f56bfc062723c751e8b465ee728b)  -> (artifact id: '93fe2ec8c60bd3f1333e724b23924389') in 0.010665 seconds 
  Import took 0.017306 seconds .

========================================================================
Received Import Request.
  Time since last request: 13.294487 seconds.
  path: Assets/delegateScene.unity
  artifactKey: Guid(83e8044b398e7f8419edc73bee8b5065) Importer(815301076,1909f56bfc062723c751e8b465ee728b)
Start importing Assets/delegateScene.unity using Guid(83e8044b398e7f8419edc73bee8b5065) Importer(815301076,1909f56bfc062723c751e8b465ee728b)  -> (artifact id: '9cfa32fc26e89bf22025365fe2212b5a') in 0.011352 seconds 
  Import took 0.016300 seconds .

========================================================================
Received Import Request.
  Time since last request: 2.970743 seconds.
  path: Assets/Timeline.playable
  artifactKey: Guid(a360a3575ace4ce49b14d95c76652cc1) Importer(815301076,1909f56bfc062723c751e8b465ee728b)
Start importing Assets/Timeline.playable using Guid(a360a3575ace4ce49b14d95c76652cc1) Importer(815301076,1909f56bfc062723c751e8b465ee728b)  -> (artifact id: '6e808faffa89875c8403e3372cc90aa7') in 0.035119 seconds 
  Import took 0.038280 seconds .

========================================================================
Received Import Request.
  Time since last request: 45.162202 seconds.
  path: Assets
  artifactKey: Guid(00000000000000001000000000000000) Importer(815301076,1909f56bfc062723c751e8b465ee728b)
Start importing Assets using Guid(00000000000000001000000000000000) Importer(815301076,1909f56bfc062723c751e8b465ee728b)  -> (artifact id: '42d402b061de3733987d63b9cc3b64de') in 0.009950 seconds 
  Import took 0.013373 seconds .

========================================================================
Received Import Request.
  Time since last request: 9.634093 seconds.
  path: Assets/BulletChange.cs
  artifactKey: Guid(d5ecf7450b30b48498dd6207c1123dc0) Importer(815301076,1909f56bfc062723c751e8b465ee728b)
Start importing Assets/BulletChange.cs using Guid(d5ecf7450b30b48498dd6207c1123dc0) Importer(815301076,1909f56bfc062723c751e8b465ee728b)  -> (artifact id: '95ebb7ece60f1cb0157e3966c7947aa8') in 0.014474 seconds 
  Import took 0.017636 seconds .

========================================================================
Received Prepare
Registering precompiled user dll's ...
Registered in 0.062758 seconds.
Begin MonoManager ReloadAssembly
Native extension for WindowsStandalone target not found
Native extension for WebGL target not found
Refreshing native plugins compatible for Editor in 0.27 ms, found 2 plugins.
Preloading 0 native plugins for Editor in 0.00 ms.
Mono: successfully reloaded assembly
- Completed reload, in  1.594 seconds
Domain Reload Profiling:
	ReloadAssembly (1598ms)
		BeginReloadAssembly (343ms)
			ExecutionOrderSort (0ms)
			DisableScriptedObjects (21ms)
			BackupInstance (0ms)
			ReleaseScriptingObjects (0ms)
			CreateAndSetChildDomain (120ms)
		EndReloadAssembly (1151ms)
			LoadAssemblies (233ms)
			RebuildTransferFunctionScriptingTraits (0ms)
			SetupTypeCache (434ms)
			ReleaseScriptCaches (1ms)
			RebuildScriptCaches (47ms)
			SetupLoadedEditorAssemblies (393ms)
				LogAssemblyErrors (0ms)
				InitializePlatformSupportModulesInManaged (9ms)
				SetLoadedEditorAssemblies (1ms)
				RefreshPlugins (0ms)
				BeforeProcessingInitializeOnLoad (102ms)
				ProcessInitializeOnLoadAttributes (250ms)
				ProcessInitializeOnLoadMethodAttributes (18ms)
				AfterProcessingInitializeOnLoad (11ms)
				EditorAssembliesLoaded (1ms)
			ExecutionOrderSort2 (0ms)
			AwakeInstancesAfterBackupRestoration (8ms)
Platform modules already initialized, skipping
Refreshing native plugins compatible for Editor in 0.33 ms, found 2 plugins.
Preloading 0 native plugins for Editor in 0.00 ms.
Unloading 1498 Unused Serialized files (Serialized files now loaded: 0)
System memory in use before: 85.7 MB.
System memory in use after: 85.8 MB.

Unloading 14 unused Assets to reduce memory usage. Loaded Objects now: 2000.
Total: 2.490800 ms (FindLiveObjects: 0.121900 ms CreateObjectMapping: 0.025300 ms MarkObjects: 2.256100 ms  DeleteObjects: 0.086500 ms)

AssetImportParameters requested are different than current active one (requested -> active):
  custom:framework-win-MediaFoundation: 216162199b28c13a410421893ffa2e32 -> 
  custom:video-decoder-ogg-theora: a1e56fd34408186e4bbccfd4996cb3dc -> 
  custom:container-muxer-webm: aa71ff27fc2769a1b78a27578f13a17b -> 
  custom:container-demuxer-webm: 4f35f7cbe854078d1ac9338744f61a02 -> 
  custom:container-demuxer-ogg: 62fdf1f143b41e24485cea50d1cbac27 -> 
  custom:video-encoder-webm-vp8: eb34c28f22e8b96e1ab97ce403110664 -> 
  custom:video-codec-MediaFoundation-h265: 746d11721c4dcdbdad8f713fa42b33f4 -> 
  custom:video-decoder-webm-vp8: 9c59270c3fd7afecdb556c50c9e8de78 -> 
  custom:audio-decoder-ogg-vorbis: bf7c407c2cedff20999df2af8eb42d56 -> 
  custom:audio-encoder-webm-vorbis: bf7c407c2cedff20999df2af8eb42d56 -> 
========================================================================
Received Import Request.
  Time since last request: 395.305561 seconds.
  path: Assets/CubeChnage.cs
  artifactKey: Guid(d5ecf7450b30b48498dd6207c1123dc0) Importer(815301076,1909f56bfc062723c751e8b465ee728b)
Start importing Assets/CubeChnage.cs using Guid(d5ecf7450b30b48498dd6207c1123dc0) Importer(815301076,1909f56bfc062723c751e8b465ee728b)  -> (artifact id: '41fdd3374a074b233aaf8bf7107eefbe') in 0.013891 seconds 
  Import took 0.017042 seconds .

========================================================================
Received Prepare
Registering precompiled user dll's ...
Registered in 0.017894 seconds.
Begin MonoManager ReloadAssembly
Native extension for WindowsStandalone target not found
Native extension for WebGL target not found
Refreshing native plugins compatible for Editor in 0.59 ms, found 2 plugins.
Preloading 0 native plugins for Editor in 0.00 ms.
Mono: successfully reloaded assembly
- Completed reload, in  1.330 seconds
Domain Reload Profiling:
	ReloadAssembly (1331ms)
		BeginReloadAssembly (190ms)
			ExecutionOrderSort (0ms)
			DisableScriptedObjects (5ms)
			BackupInstance (0ms)
			ReleaseScriptingObjects (0ms)
			CreateAndSetChildDomain (44ms)
		EndReloadAssembly (1084ms)
			LoadAssemblies (170ms)
			RebuildTransferFunctionScriptingTraits (0ms)
			SetupTypeCache (379ms)
			ReleaseScriptCaches (1ms)
			RebuildScriptCaches (41ms)
			SetupLoadedEditorAssemblies (393ms)
				LogAssemblyErrors (0ms)
				InitializePlatformSupportModulesInManaged (8ms)
				SetLoadedEditorAssemblies (1ms)
				RefreshPlugins (1ms)
				BeforeProcessingInitializeOnLoad (109ms)
				ProcessInitializeOnLoadAttributes (252ms)
				ProcessInitializeOnLoadMethodAttributes (13ms)
				AfterProcessingInitializeOnLoad (9ms)
				EditorAssembliesLoaded (1ms)
			ExecutionOrderSort2 (0ms)
			AwakeInstancesAfterBackupRestoration (13ms)
Platform modules already initialized, skipping
Refreshing native plugins compatible for Editor in 0.28 ms, found 2 plugins.
Preloading 0 native plugins for Editor in 0.00 ms.
Unloading 1498 Unused Serialized files (Serialized files now loaded: 0)
System memory in use before: 85.7 MB.
System memory in use after: 85.8 MB.

Unloading 14 unused Assets to reduce memory usage. Loaded Objects now: 2002.
Total: 3.057400 ms (FindLiveObjects: 0.105600 ms CreateObjectMapping: 0.027600 ms MarkObjects: 2.893500 ms  DeleteObjects: 0.029300 ms)

AssetImportParameters requested are different than current active one (requested -> active):
  custom:framework-win-MediaFoundation: 216162199b28c13a410421893ffa2e32 -> 
  custom:video-decoder-ogg-theora: a1e56fd34408186e4bbccfd4996cb3dc -> 
  custom:container-muxer-webm: aa71ff27fc2769a1b78a27578f13a17b -> 
  custom:container-demuxer-webm: 4f35f7cbe854078d1ac9338744f61a02 -> 
  custom:container-demuxer-ogg: 62fdf1f143b41e24485cea50d1cbac27 -> 
  custom:video-encoder-webm-vp8: eb34c28f22e8b96e1ab97ce403110664 -> 
  custom:video-codec-MediaFoundation-h265: 746d11721c4dcdbdad8f713fa42b33f4 -> 
  custom:video-decoder-webm-vp8: 9c59270c3fd7afecdb556c50c9e8de78 -> 
  custom:audio-decoder-ogg-vorbis: bf7c407c2cedff20999df2af8eb42d56 -> 
  custom:audio-encoder-webm-vorbis: bf7c407c2cedff20999df2af8eb42d56 -> 
========================================================================
Received Prepare
Registering precompiled user dll's ...
Registered in 0.029629 seconds.
Begin MonoManager ReloadAssembly
Native extension for WindowsStandalone target not found
Native extension for WebGL target not found
Refreshing native plugins compatible for Editor in 0.61 ms, found 2 plugins.
Preloading 0 native plugins for Editor in 0.00 ms.
Mono: successfully reloaded assembly
- Completed reload, in  2.136 seconds
Domain Reload Profiling:
	ReloadAssembly (2137ms)
		BeginReloadAssembly (319ms)
			ExecutionOrderSort (0ms)
			DisableScriptedObjects (15ms)
			BackupInstance (0ms)
			ReleaseScriptingObjects (0ms)
			CreateAndSetChildDomain (58ms)
		EndReloadAssembly (1678ms)
			LoadAssemblies (331ms)
			RebuildTransferFunctionScriptingTraits (0ms)
			SetupTypeCache (587ms)
			ReleaseScriptCaches (1ms)
			RebuildScriptCaches (70ms)
			SetupLoadedEditorAssemblies (613ms)
				LogAssemblyErrors (0ms)
				InitializePlatformSupportModulesInManaged (12ms)
				SetLoadedEditorAssemblies (1ms)
				RefreshPlugins (1ms)
				BeforeProcessingInitializeOnLoad (178ms)
				ProcessInitializeOnLoadAttributes (388ms)
				ProcessInitializeOnLoadMethodAttributes (18ms)
				AfterProcessingInitializeOnLoad (15ms)
				EditorAssembliesLoaded (1ms)
			ExecutionOrderSort2 (0ms)
			AwakeInstancesAfterBackupRestoration (13ms)
Platform modules already initialized, skipping
Refreshing native plugins compatible for Editor in 0.88 ms, found 2 plugins.
Preloading 0 native plugins for Editor in 0.00 ms.
Unloading 1497 Unused Serialized files (Serialized files now loaded: 0)
System memory in use before: 85.7 MB.
System memory in use after: 85.8 MB.

Unloading 15 unused Assets to reduce memory usage. Loaded Objects now: 2003.
Total: 4.906000 ms (FindLiveObjects: 0.207800 ms CreateObjectMapping: 0.062700 ms MarkObjects: 4.594700 ms  DeleteObjects: 0.037500 ms)

AssetImportParameters requested are different than current active one (requested -> active):
  custom:framework-win-MediaFoundation: 216162199b28c13a410421893ffa2e32 -> 
  custom:video-decoder-ogg-theora: a1e56fd34408186e4bbccfd4996cb3dc -> 
  custom:container-muxer-webm: aa71ff27fc2769a1b78a27578f13a17b -> 
  custom:container-demuxer-webm: 4f35f7cbe854078d1ac9338744f61a02 -> 
  custom:container-demuxer-ogg: 62fdf1f143b41e24485cea50d1cbac27 -> 
  custom:video-encoder-webm-vp8: eb34c28f22e8b96e1ab97ce403110664 -> 
  custom:video-codec-MediaFoundation-h265: 746d11721c4dcdbdad8f713fa42b33f4 -> 
  custom:video-decoder-webm-vp8: 9c59270c3fd7afecdb556c50c9e8de78 -> 
  custom:audio-decoder-ogg-vorbis: bf7c407c2cedff20999df2af8eb42d56 -> 
  custom:audio-encoder-webm-vorbis: bf7c407c2cedff20999df2af8eb42d56 -> 
========================================================================
Received Import Request.
  Time since last request: 11361.705662 seconds.
  path: Assets/CharacterTimeline.unity
  artifactKey: Guid(f3202485177849945bd2e84a21b3aaa0) Importer(815301076,1909f56bfc062723c751e8b465ee728b)
Start importing Assets/CharacterTimeline.unity using Guid(f3202485177849945bd2e84a21b3aaa0) Importer(815301076,1909f56bfc062723c751e8b465ee728b)  -> (artifact id: '5abad5fdc85ad2e66a5c4515b976d19f') in 0.037982 seconds 
  Import took 0.043366 seconds .

